TN:
SF:src\App.tsx
FN:23,TelaCarregamento
FN:32,AppRoutes
FN:101,App
FNF:3
FNH:0
FNDA:0,TelaCarregamento
FNDA:0,AppRoutes
FNDA:0,App
DA:24,0
DA:33,0
DA:35,0
DA:37,0
DA:102,0
LF:5
LH:0
BRDA:35,0,0,0
BRDA:35,0,1,0
BRF:2
BRH:0
end_of_record
TN:
SF:src\components\Layout.tsx
FN:9,(anonymous_0)
FN:16,Layout
FN:26,handleLogout
FN:31,(anonymous_3)
FN:33,(anonymous_4)
FN:36,(anonymous_5)
FN:40,(anonymous_6)
FN:45,(anonymous_7)
FN:49,(anonymous_8)
FN:54,(anonymous_9)
FN:57,(anonymous_10)
FN:60,(anonymous_11)
FN:128,(anonymous_12)
FN:128,(anonymous_13)
FNF:14
FNH:0
FNDA:0,(anonymous_0)
FNDA:0,Layout
FNDA:0,handleLogout
FNDA:0,(anonymous_3)
FNDA:0,(anonymous_4)
FNDA:0,(anonymous_5)
FNDA:0,(anonymous_6)
FNDA:0,(anonymous_7)
FNDA:0,(anonymous_8)
FNDA:0,(anonymous_9)
FNDA:0,(anonymous_10)
FNDA:0,(anonymous_11)
FNDA:0,(anonymous_12)
FNDA:0,(anonymous_13)
DA:9,0
DA:10,0
DA:17,0
DA:18,0
DA:19,0
DA:20,0
DA:23,0
DA:24,0
DA:27,0
DA:28,0
DA:31,0
DA:32,0
DA:33,0
DA:36,0
DA:40,0
DA:45,0
DA:49,0
DA:54,0
DA:57,0
DA:60,0
DA:68,0
DA:128,0
LF:22
LH:0
BRDA:11,0,0,0
BRDA:11,0,1,0
BRDA:24,1,0,0
BRDA:24,1,1,0
BRDA:31,2,0,0
BRDA:33,3,0,0
BRDA:33,3,1,0
BRDA:36,4,0,0
BRDA:36,4,1,0
BRDA:39,5,0,0
BRDA:39,5,1,0
BRDA:40,6,0,0
BRDA:40,6,1,0
BRDA:44,7,0,0
BRDA:44,7,1,0
BRDA:45,8,0,0
BRDA:45,8,1,0
BRDA:49,9,0,0
BRDA:49,9,1,0
BRDA:52,10,0,0
BRDA:52,10,1,0
BRDA:54,11,0,0
BRDA:54,11,1,0
BRDA:57,12,0,0
BRDA:57,12,1,0
BRDA:60,13,0,0
BRDA:60,13,1,0
BRDA:91,14,0,0
BRDA:91,14,1,0
BRDA:92,15,0,0
BRDA:92,15,1,0
BRDA:95,16,0,0
BRDA:95,16,1,0
BRDA:108,17,0,0
BRDA:108,17,1,0
BRDA:114,18,0,0
BRDA:114,18,1,0
BRDA:114,19,0,0
BRDA:114,19,1,0
BRDA:115,20,0,0
BRDA:115,20,1,0
BRDA:115,21,0,0
BRDA:115,21,1,0
BRDA:129,22,0,0
BRDA:129,22,1,0
BRDA:132,23,0,0
BRDA:132,23,1,0
BRDA:146,24,0,0
BRDA:146,24,1,0
BRDA:154,25,0,0
BRDA:154,25,1,0
BRF:51
BRH:0
end_of_record
TN:
SF:src\components\PrivateRoute.tsx
FN:16,PrivateRoute
FNF:1
FNH:1
FNDA:4,PrivateRoute
DA:17,4
DA:19,4
DA:21,3
DA:22,1
DA:25,2
LF:5
LH:5
BRDA:19,0,0,1
BRDA:19,0,1,3
BRDA:21,1,0,1
BRDA:21,1,1,2
BRDA:21,2,0,3
BRDA:21,2,1,2
BRDA:21,2,2,2
BRDA:25,3,0,2
BRDA:25,3,1,0
BRF:9
BRH:8
end_of_record
TN:
SF:src\components\ToastContainer.tsx
FN:23,ToastContainer
FN:35,(anonymous_1)
FN:48,(anonymous_2)
FNF:3
FNH:0
FNDA:0,ToastContainer
FNDA:0,(anonymous_1)
FNDA:0,(anonymous_2)
DA:5,0
DA:11,0
DA:17,0
DA:24,0
DA:25,0
DA:27,0
DA:29,0
DA:33,0
DA:36,0
DA:48,0
LF:10
LH:0
BRDA:27,0,0,0
BRDA:27,0,1,0
BRDA:29,1,0,0
BRDA:29,1,1,0
BRF:4
BRH:0
end_of_record
TN:
SF:src\components\icons.tsx
FN:12,(anonymous_0)
FN:12,(anonymous_1)
FNF:2
FNH:0
FNDA:0,(anonymous_0)
FNDA:0,(anonymous_1)
DA:12,0
DA:14,0
DA:27,0
DA:31,0
DA:35,0
DA:39,0
DA:43,0
DA:47,0
DA:51,0
DA:55,0
DA:59,0
DA:63,0
DA:68,0
DA:72,0
DA:76,0
DA:80,0
DA:84,0
DA:89,0
DA:93,0
DA:97,0
DA:101,0
DA:105,0
DA:110,0
DA:114,0
DA:118,0
DA:122,0
DA:126,0
DA:131,0
DA:135,0
DA:139,0
DA:143,0
DA:148,0
DA:152,0
DA:156,0
DA:160,0
DA:164,0
DA:169,0
DA:173,0
DA:177,0
DA:181,0
DA:186,0
DA:190,0
LF:42
LH:0
BRDA:12,0,0,0
BRDA:13,1,0,0
BRDA:13,2,0,0
BRF:3
BRH:0
end_of_record
TN:
SF:src\components\ui\Badge.tsx
FN:19,BadgeStatus
FNF:1
FNH:1
FNDA:9,BadgeStatus
DA:3,1
DA:11,1
DA:20,9
LF:3
LH:3
BRF:0
BRH:0
end_of_record
TN:
SF:src\components\ui\Button.tsx
FN:22,Button
FNF:1
FNH:1
FNDA:9,Button
DA:6,1
DA:23,9
LF:2
LH:2
BRDA:22,0,0,9
BRDA:22,1,0,9
BRDA:26,2,0,9
BRDA:26,2,1,8
BRDA:29,3,0,9
BRDA:29,3,1,2
BRF:6
BRH:6
end_of_record
TN:
SF:src\components\ui\Card.tsx
FN:3,Card
FNF:1
FNH:1
FNDA:3,Card
DA:4,3
LF:1
LH:1
BRDA:3,0,0,3
BRF:1
BRH:1
end_of_record
TN:
SF:src\components\ui\Input.tsx
FN:8,Input
FNF:1
FNH:1
FNDA:8,Input
DA:9,8
LF:1
LH:1
BRDA:8,0,0,8
BRDA:11,1,0,8
BRDA:11,1,1,1
BRDA:20,2,0,2
BRDA:20,2,1,6
BRDA:23,3,0,8
BRDA:23,3,1,2
BRF:7
BRH:7
end_of_record
TN:
SF:src\components\ui\Spinner.tsx
FN:5,Spinner
FNF:1
FNH:1
FNDA:2,Spinner
DA:6,2
LF:1
LH:1
BRDA:5,0,0,2
BRF:1
BRH:1
end_of_record
TN:
SF:src\contexts\AuthContext.tsx
FN:19,carregarEstadoInicial
FN:26,AuthProvider
FN:30,(anonymous_2)
FN:38,(anonymous_3)
FN:38,(anonymous_4)
FN:41,(anonymous_5)
FN:57,useAuth
FNF:7
FNH:7
FNDA:8,carregarEstadoInicial
FNDA:10,AuthProvider
FNDA:1,(anonymous_2)
FNDA:1,(anonymous_3)
FNDA:1,(anonymous_4)
FNDA:1,(anonymous_5)
FNDA:13,useAuth
DA:17,2
DA:20,8
DA:21,8
DA:22,8
DA:23,8
DA:27,10
DA:28,10
DA:30,10
DA:32,1
DA:33,1
DA:34,1
DA:35,1
DA:36,1
DA:38,1
DA:41,10
DA:42,1
DA:43,1
DA:44,1
DA:45,1
DA:48,10
DA:58,13
DA:59,13
DA:60,10
LF:23
LH:23
BRDA:22,0,0,5
BRDA:22,0,1,3
BRDA:59,1,0,2
BRDA:59,1,1,11
BRF:4
BRH:4
end_of_record
TN:
SF:src\contexts\ThemeContext.tsx
FN:10,(anonymous_0)
FN:12,aplicarTema
FN:19,ThemeProvider
FN:20,(anonymous_3)
FN:27,(anonymous_4)
FN:35,(anonymous_5)
FN:44,(anonymous_6)
FNF:7
FNH:6
FNDA:0,(anonymous_0)
FNDA:8,aplicarTema
FNDA:8,ThemeProvider
FNDA:5,(anonymous_3)
FNDA:3,(anonymous_4)
FNDA:8,(anonymous_5)
FNDA:8,(anonymous_6)
DA:10,1
DA:13,8
DA:14,8
DA:15,8
DA:16,8
DA:20,8
DA:21,5
DA:23,5
DA:24,5
DA:27,8
DA:29,3
DA:30,3
DA:32,3
DA:35,8
DA:37,8
DA:44,8
LF:16
LH:16
BRDA:16,0,0,0
BRDA:16,0,1,8
BRDA:21,1,0,5
BRDA:21,1,1,3
BRDA:29,2,0,1
BRDA:29,2,1,2
BRF:6
BRH:5
end_of_record
TN:
SF:src\contexts\ToastContext.tsx
FN:19,ToastProvider
FN:22,(anonymous_1)
FN:23,(anonymous_2)
FN:23,(anonymous_3)
FN:26,(anonymous_4)
FN:29,(anonymous_5)
FN:30,(anonymous_6)
FN:42,useToast
FNF:8
FNH:8
FNDA:13,ToastProvider
FNDA:2,(anonymous_1)
FNDA:2,(anonymous_2)
FNDA:2,(anonymous_3)
FNDA:5,(anonymous_4)
FNDA:5,(anonymous_5)
FNDA:1,(anonymous_6)
FNDA:16,useToast
DA:17,1
DA:20,13
DA:22,13
DA:23,2
DA:26,13
DA:28,5
DA:29,5
DA:30,5
DA:35,13
DA:43,16
DA:44,16
DA:45,13
LF:12
LH:12
BRDA:27,0,0,5
BRDA:44,1,0,2
BRDA:44,1,1,14
BRF:3
BRH:3
end_of_record
TN:
SF:src\hooks\useAuth.ts
FNF:0
FNH:0
LF:0
LH:0
BRF:0
BRH:0
end_of_record
TN:
SF:src\pages\Cadastro.tsx
FN:10,groupBy
FN:11,(anonymous_1)
FN:19,Cadastro
FN:39,(anonymous_3)
FN:41,validar
FN:51,handleSubmit
FN:99,(anonymous_6)
FN:105,(anonymous_7)
FN:116,(anonymous_8)
FN:119,(anonymous_9)
FN:121,(anonymous_10)
FN:130,(anonymous_11)
FN:138,(anonymous_12)
FN:141,(anonymous_13)
FN:141,(anonymous_14)
FN:157,(anonymous_15)
FNF:16
FNH:0
FNDA:0,groupBy
FNDA:0,(anonymous_1)
FNDA:0,Cadastro
FNDA:0,(anonymous_3)
FNDA:0,validar
FNDA:0,handleSubmit
FNDA:0,(anonymous_6)
FNDA:0,(anonymous_7)
FNDA:0,(anonymous_8)
FNDA:0,(anonymous_9)
FNDA:0,(anonymous_10)
FNDA:0,(anonymous_11)
FNDA:0,(anonymous_12)
FNDA:0,(anonymous_13)
FNDA:0,(anonymous_14)
FNDA:0,(anonymous_15)
DA:11,0
DA:12,0
DA:13,0
DA:14,0
DA:15,0
DA:20,0
DA:21,0
DA:23,0
DA:24,0
DA:25,0
DA:26,0
DA:27,0
DA:28,0
DA:29,0
DA:30,0
DA:31,0
DA:33,0
DA:39,0
DA:42,0
DA:43,0
DA:44,0
DA:45,0
DA:46,0
DA:47,0
DA:48,0
DA:52,0
DA:53,0
DA:54,0
DA:55,0
DA:56,0
DA:57,0
DA:58,0
DA:65,0
DA:66,0
DA:68,0
DA:70,0
DA:74,0
DA:76,0
DA:99,0
DA:105,0
DA:116,0
DA:120,0
DA:121,0
DA:130,0
DA:138,0
DA:141,0
DA:157,0
LF:47
LH:0
BRDA:13,0,0,0
BRDA:13,0,1,0
BRDA:33,1,0,0
BRDA:42,2,0,0
BRDA:42,2,1,0
BRDA:42,3,0,0
BRDA:42,3,1,0
BRDA:43,4,0,0
BRDA:43,4,1,0
BRDA:43,5,0,0
BRDA:43,5,1,0
BRDA:44,6,0,0
BRDA:44,6,1,0
BRDA:44,7,0,0
BRDA:44,7,1,0
BRDA:45,8,0,0
BRDA:45,8,1,0
BRDA:46,9,0,0
BRDA:46,9,1,0
BRDA:47,10,0,0
BRDA:47,10,1,0
BRDA:47,11,0,0
BRDA:47,11,1,0
BRDA:54,12,0,0
BRDA:54,12,1,0
BRDA:99,13,0,0
BRDA:99,13,1,0
BRDA:105,14,0,0
BRDA:105,14,1,0
BRDA:111,15,0,0
BRDA:111,15,1,0
BRDA:116,16,0,0
BRDA:116,16,1,0
BRDA:130,17,0,0
BRDA:130,17,1,0
BRDA:137,18,0,0
BRDA:137,18,1,0
BRDA:138,19,0,0
BRDA:138,19,1,0
BRDA:143,20,0,0
BRDA:143,20,1,0
BRDA:145,21,0,0
BRDA:145,21,1,0
BRDA:156,22,0,0
BRDA:156,22,1,0
BRDA:157,23,0,0
BRDA:157,23,1,0
BRDA:159,24,0,0
BRDA:159,24,1,0
BRDA:159,25,0,0
BRDA:159,25,1,0
BRDA:159,25,2,0
BRDA:160,26,0,0
BRDA:160,26,1,0
BRDA:160,26,2,0
BRDA:160,26,3,0
BRDA:165,27,0,0
BRDA:165,27,1,0
BRDA:176,28,0,0
BRDA:176,28,1,0
BRF:60
BRH:0
end_of_record
TN:
SF:src\pages\Cursos.tsx
FN:41,Modal
FN:74,FormCurso
FN:92,(anonymous_2)
FN:97,(anonymous_3)
FN:98,(anonymous_4)
FN:114,(anonymous_5)
FN:130,(anonymous_6)
FN:141,(anonymous_7)
FN:145,(anonymous_8)
FN:154,(anonymous_9)
FN:158,(anonymous_10)
FN:169,Badge
FN:178,Cursos
FN:190,(anonymous_13)
FN:199,(anonymous_14)
FN:205,(anonymous_15)
FN:206,(anonymous_16)
FN:212,(anonymous_17)
FN:219,(anonymous_18)
FN:221,(anonymous_19)
FN:227,(anonymous_20)
FN:231,(anonymous_21)
FN:233,(anonymous_22)
FN:237,(anonymous_23)
FN:240,abrirCriar
FN:245,abrirEditar
FN:256,validarForm
FN:264,handleCriar
FN:276,handleAtualizar
FN:292,(anonymous_29)
FN:322,(anonymous_30)
FN:326,(anonymous_31)
FN:335,(anonymous_32)
FN:345,(anonymous_33)
FN:346,(anonymous_34)
FN:365,(anonymous_35)
FN:424,(anonymous_36)
FN:432,(anonymous_37)
FN:445,(anonymous_38)
FN:448,(anonymous_39)
FN:460,(anonymous_40)
FN:463,(anonymous_41)
FNF:42
FNH:0
FNDA:0,Modal
FNDA:0,FormCurso
FNDA:0,(anonymous_2)
FNDA:0,(anonymous_3)
FNDA:0,(anonymous_4)
FNDA:0,(anonymous_5)
FNDA:0,(anonymous_6)
FNDA:0,(anonymous_7)
FNDA:0,(anonymous_8)
FNDA:0,(anonymous_9)
FNDA:0,(anonymous_10)
FNDA:0,Badge
FNDA:0,Cursos
FNDA:0,(anonymous_13)
FNDA:0,(anonymous_14)
FNDA:0,(anonymous_15)
FNDA:0,(anonymous_16)
FNDA:0,(anonymous_17)
FNDA:0,(anonymous_18)
FNDA:0,(anonymous_19)
FNDA:0,(anonymous_20)
FNDA:0,(anonymous_21)
FNDA:0,(anonymous_22)
FNDA:0,(anonymous_23)
FNDA:0,abrirCriar
FNDA:0,abrirEditar
FNDA:0,validarForm
FNDA:0,handleCriar
FNDA:0,handleAtualizar
FNDA:0,(anonymous_29)
FNDA:0,(anonymous_30)
FNDA:0,(anonymous_31)
FNDA:0,(anonymous_32)
FNDA:0,(anonymous_33)
FNDA:0,(anonymous_34)
FNDA:0,(anonymous_35)
FNDA:0,(anonymous_36)
FNDA:0,(anonymous_37)
FNDA:0,(anonymous_38)
FNDA:0,(anonymous_39)
FNDA:0,(anonymous_40)
FNDA:0,(anonymous_41)
DA:11,0
DA:17,0
DA:32,0
DA:50,0
DA:71,0
DA:83,0
DA:92,0
DA:97,0
DA:99,0
DA:114,0
DA:130,0
DA:141,0
DA:146,0
DA:154,0
DA:159,0
DA:170,0
DA:179,0
DA:180,0
DA:182,0
DA:183,0
DA:184,0
DA:185,0
DA:186,0
DA:188,0
DA:190,0
DA:193,0
DA:199,0
DA:200,0
DA:201,0
DA:204,0
DA:205,0
DA:207,0
DA:208,0
DA:209,0
DA:210,0
DA:213,0
DA:214,0
DA:218,0
DA:220,0
DA:222,0
DA:223,0
DA:224,0
DA:225,0
DA:227,0
DA:230,0
DA:232,0
DA:234,0
DA:235,0
DA:237,0
DA:241,0
DA:242,0
DA:246,0
DA:253,0
DA:257,0
DA:258,0
DA:259,0
DA:260,0
DA:261,0
DA:265,0
DA:266,0
DA:267,0
DA:277,0
DA:278,0
DA:279,0
DA:280,0
DA:292,0
DA:293,0
DA:294,0
DA:295,0
DA:303,0
DA:322,0
DA:327,0
DA:335,0
DA:345,0
DA:346,0
DA:366,0
DA:424,0
DA:432,0
DA:445,0
DA:448,0
DA:460,0
DA:463,0
LF:82
LH:0
BRDA:188,0,0,0
BRDA:190,1,0,0
BRDA:190,1,1,0
BRDA:193,2,0,0
BRDA:214,3,0,0
BRDA:214,3,1,0
BRDA:234,4,0,0
BRDA:234,4,1,0
BRDA:250,5,0,0
BRDA:250,5,1,0
BRDA:251,6,0,0
BRDA:251,6,1,0
BRDA:257,7,0,0
BRDA:257,7,1,0
BRDA:258,8,0,0
BRDA:258,8,1,0
BRDA:260,9,0,0
BRDA:260,9,1,0
BRDA:260,10,0,0
BRDA:260,10,1,0
BRDA:266,11,0,0
BRDA:266,11,1,0
BRDA:271,12,0,0
BRDA:271,12,1,0
BRDA:272,13,0,0
BRDA:272,13,1,0
BRDA:277,14,0,0
BRDA:277,14,1,0
BRDA:279,15,0,0
BRDA:279,15,1,0
BRDA:286,16,0,0
BRDA:286,16,1,0
BRDA:287,17,0,0
BRDA:287,17,1,0
BRDA:293,18,0,0
BRDA:293,18,1,0
BRDA:296,19,0,0
BRDA:296,19,1,0
BRDA:296,19,2,0
BRDA:296,19,3,0
BRDA:342,20,0,0
BRDA:342,20,1,0
BRDA:342,20,2,0
BRDA:344,21,0,0
BRDA:344,21,1,0
BRDA:346,22,0,0
BRDA:346,22,1,0
BRDA:352,23,0,0
BRDA:352,23,1,0
BRDA:356,24,0,0
BRDA:356,24,1,0
BRDA:359,25,0,0
BRDA:359,25,1,0
BRDA:359,26,0,0
BRDA:359,26,1,0
BRDA:368,27,0,0
BRDA:368,27,1,0
BRDA:379,28,0,0
BRDA:379,28,1,0
BRDA:398,29,0,0
BRDA:398,29,1,0
BRDA:399,30,0,0
BRDA:399,30,1,0
BRDA:408,31,0,0
BRDA:408,31,1,0
BRDA:414,32,0,0
BRDA:414,32,1,0
BRDA:429,33,0,0
BRDA:429,33,1,0
BRDA:434,34,0,0
BRDA:434,34,1,0
BRDA:444,35,0,0
BRDA:444,35,1,0
BRDA:459,36,0,0
BRDA:459,36,1,0
BRF:75
BRH:0
end_of_record
TN:
SF:src\pages\Dashboard.tsx
FN:32,useContagem
FN:35,(anonymous_1)
FN:40,CardContagem
FN:58,Dashboard
FN:66,(anonymous_4)
FN:82,(anonymous_5)
FN:97,(anonymous_6)
FNF:7
FNH:0
FNDA:0,useContagem
FNDA:0,(anonymous_1)
FNDA:0,CardContagem
FNDA:0,Dashboard
FNDA:0,(anonymous_4)
FNDA:0,(anonymous_5)
FNDA:0,(anonymous_6)
DA:18,0
DA:25,0
DA:33,0
DA:35,0
DA:41,0
DA:43,0
DA:59,0
DA:60,0
DA:61,0
DA:62,0
DA:64,0
DA:66,0
DA:70,0
DA:82,0
DA:98,0
LF:15
LH:0
BRDA:35,0,0,0
BRDA:35,0,1,0
BRDA:45,1,0,0
BRDA:45,1,1,0
BRDA:51,2,0,0
BRDA:51,2,1,0
BRDA:51,3,0,0
BRDA:51,3,1,0
BRDA:60,4,0,0
BRDA:60,4,1,0
BRDA:61,5,0,0
BRDA:61,5,1,0
BRDA:77,6,0,0
BRDA:77,6,1,0
BRDA:93,7,0,0
BRDA:93,7,1,0
BRDA:93,8,0,0
BRDA:93,8,1,0
BRDA:114,9,0,0
BRDA:114,9,1,0
BRDA:140,10,0,0
BRDA:140,10,1,0
BRF:22
BRH:0
end_of_record
TN:
SF:src\pages\DetalheDocumento.tsx
FN:12,formatBytes
FN:26,DetalheDocumento
FN:37,(anonymous_2)
FN:43,(anonymous_3)
FN:47,(anonymous_4)
FN:55,(anonymous_5)
FN:56,(anonymous_6)
FN:57,(anonymous_7)
FN:61,(anonymous_8)
FN:62,(anonymous_9)
FN:63,(anonymous_10)
FN:67,(anonymous_11)
FN:68,(anonymous_12)
FN:69,(anonymous_13)
FN:73,(anonymous_14)
FN:74,(anonymous_15)
FN:75,(anonymous_16)
FN:79,(anonymous_17)
FN:80,(anonymous_18)
FN:81,(anonymous_19)
FN:101,(anonymous_20)
FN:112,(anonymous_21)
FN:127,(anonymous_22)
FN:136,(anonymous_23)
FN:148,(anonymous_24)
FN:154,(anonymous_25)
FN:158,(anonymous_26)
FN:162,(anonymous_27)
FN:180,(anonymous_28)
FN:187,(anonymous_29)
FN:190,(anonymous_30)
FN:204,(anonymous_31)
FNF:32
FNH:0
FNDA:0,formatBytes
FNDA:0,DetalheDocumento
FNDA:0,(anonymous_2)
FNDA:0,(anonymous_3)
FNDA:0,(anonymous_4)
FNDA:0,(anonymous_5)
FNDA:0,(anonymous_6)
FNDA:0,(anonymous_7)
FNDA:0,(anonymous_8)
FNDA:0,(anonymous_9)
FNDA:0,(anonymous_10)
FNDA:0,(anonymous_11)
FNDA:0,(anonymous_12)
FNDA:0,(anonymous_13)
FNDA:0,(anonymous_14)
FNDA:0,(anonymous_15)
FNDA:0,(anonymous_16)
FNDA:0,(anonymous_17)
FNDA:0,(anonymous_18)
FNDA:0,(anonymous_19)
FNDA:0,(anonymous_20)
FNDA:0,(anonymous_21)
FNDA:0,(anonymous_22)
FNDA:0,(anonymous_23)
FNDA:0,(anonymous_24)
FNDA:0,(anonymous_25)
FNDA:0,(anonymous_26)
FNDA:0,(anonymous_27)
FNDA:0,(anonymous_28)
FNDA:0,(anonymous_29)
FNDA:0,(anonymous_30)
FNDA:0,(anonymous_31)
DA:13,0
DA:18,0
DA:27,0
DA:28,0
DA:29,0
DA:30,0
DA:31,0
DA:32,0
DA:33,0
DA:35,0
DA:37,0
DA:41,0
DA:43,0
DA:47,0
DA:48,0
DA:49,0
DA:50,0
DA:51,0
DA:54,0
DA:55,0
DA:56,0
DA:57,0
DA:60,0
DA:61,0
DA:62,0
DA:63,0
DA:66,0
DA:67,0
DA:68,0
DA:69,0
DA:72,0
DA:73,0
DA:74,0
DA:75,0
DA:78,0
DA:79,0
DA:80,0
DA:81,0
DA:84,0
DA:85,0
DA:86,0
DA:87,0
DA:89,0
DA:90,0
DA:97,0
DA:98,0
DA:101,0
DA:108,0
DA:112,0
DA:128,0
DA:136,0
DA:148,0
DA:154,0
DA:158,0
DA:162,0
DA:180,0
DA:187,0
DA:190,0
DA:205,0
LF:59
LH:0
BRDA:13,0,0,0
BRDA:13,0,1,0
BRDA:55,1,0,0
BRDA:55,1,1,0
BRDA:84,2,0,0
BRDA:84,2,1,0
BRDA:87,3,0,0
BRDA:87,3,1,0
BRDA:87,3,2,0
BRDA:89,4,0,0
BRDA:89,4,1,0
BRDA:97,5,0,0
BRDA:97,5,1,0
BRDA:143,6,0,0
BRDA:143,6,1,0
BRDA:155,7,0,0
BRDA:155,7,1,0
BRDA:159,8,0,0
BRDA:159,8,1,0
BRDA:159,8,2,0
BRDA:163,9,0,0
BRDA:163,9,1,0
BRDA:163,9,2,0
BRDA:167,10,0,0
BRDA:167,10,1,0
BRDA:176,11,0,0
BRDA:176,11,1,0
BRDA:176,11,2,0
BRDA:179,12,0,0
BRDA:179,12,1,0
BRDA:200,13,0,0
BRDA:200,13,1,0
BRDA:200,13,2,0
BRDA:211,14,0,0
BRDA:211,14,1,0
BRDA:213,15,0,0
BRDA:213,15,1,0
BRF:37
BRH:0
end_of_record
TN:
SF:src\pages\Documentos.tsx
FN:23,Documentos
FN:29,(anonymous_1)
FN:32,handleStatusChange
FN:33,(anonymous_3)
FN:36,handlePagina
FN:37,(anonymous_5)
FN:60,(anonymous_6)
FN:61,(anonymous_7)
FN:67,(anonymous_8)
FN:67,(anonymous_9)
FN:99,(anonymous_10)
FN:121,(anonymous_11)
FN:126,(anonymous_12)
FNF:13
FNH:0
FNDA:0,Documentos
FNDA:0,(anonymous_1)
FNDA:0,handleStatusChange
FNDA:0,(anonymous_3)
FNDA:0,handlePagina
FNDA:0,(anonymous_5)
FNDA:0,(anonymous_6)
FNDA:0,(anonymous_7)
FNDA:0,(anonymous_8)
FNDA:0,(anonymous_9)
FNDA:0,(anonymous_10)
FNDA:0,(anonymous_11)
FNDA:0,(anonymous_12)
DA:12,0
DA:21,0
DA:24,0
DA:25,0
DA:27,0
DA:29,0
DA:33,0
DA:37,0
DA:40,0
DA:42,0
DA:60,0
DA:61,0
DA:67,0
DA:100,0
DA:121,0
DA:126,0
LF:16
LH:0
BRDA:40,0,0,0
BRDA:40,0,1,0
BRDA:40,1,0,0
BRDA:40,1,1,0
BRDA:46,2,0,0
BRDA:46,2,1,0
BRDA:59,3,0,0
BRDA:59,3,1,0
BRDA:66,4,0,0
BRDA:66,4,1,0
BRDA:72,5,0,0
BRDA:72,5,1,0
BRDA:77,6,0,0
BRDA:77,6,1,0
BRDA:79,7,0,0
BRDA:79,7,1,0
BRDA:85,8,0,0
BRDA:85,8,1,0
BRDA:85,8,2,0
BRDA:118,9,0,0
BRDA:118,9,1,0
BRDA:118,9,2,0
BRDA:121,10,0,0
BRDA:121,10,1,0
BRDA:126,11,0,0
BRDA:126,11,1,0
BRF:26
BRH:0
end_of_record
TN:
SF:src\pages\Instituicoes.tsx
FN:50,Modal
FN:72,Campo
FN:98,FormInstituicao
FN:105,adicionarDominio
FN:111,removerDominio
FN:112,(anonymous_5)
FN:123,(anonymous_6)
FN:132,(anonymous_7)
FN:145,(anonymous_8)
FN:157,(anonymous_9)
FN:165,(anonymous_10)
FN:169,(anonymous_11)
FN:182,(anonymous_12)
FN:183,(anonymous_13)
FN:193,(anonymous_14)
FN:201,(anonymous_15)
FN:225,(anonymous_16)
FN:234,(anonymous_17)
FN:243,(anonymous_18)
FN:252,(anonymous_19)
FN:264,Instituicoes
FN:278,(anonymous_21)
FN:281,(anonymous_22)
FN:282,(anonymous_23)
FN:288,(anonymous_24)
FN:295,(anonymous_25)
FN:297,(anonymous_26)
FN:303,(anonymous_27)
FN:307,(anonymous_28)
FN:309,(anonymous_29)
FN:313,(anonymous_30)
FN:316,abrirCriar
FN:321,abrirEditar
FN:338,formParaInput
FN:353,handleCriar
FN:361,handleAtualizar
FN:370,(anonymous_36)
FN:400,(anonymous_37)
FN:419,(anonymous_38)
FN:450,(anonymous_39)
FN:502,(anonymous_40)
FN:509,(anonymous_41)
FN:522,(anonymous_42)
FN:525,(anonymous_43)
FN:537,(anonymous_44)
FN:540,(anonymous_45)
FNF:46
FNH:0
FNDA:0,Modal
FNDA:0,Campo
FNDA:0,FormInstituicao
FNDA:0,adicionarDominio
FNDA:0,removerDominio
FNDA:0,(anonymous_5)
FNDA:0,(anonymous_6)
FNDA:0,(anonymous_7)
FNDA:0,(anonymous_8)
FNDA:0,(anonymous_9)
FNDA:0,(anonymous_10)
FNDA:0,(anonymous_11)
FNDA:0,(anonymous_12)
FNDA:0,(anonymous_13)
FNDA:0,(anonymous_14)
FNDA:0,(anonymous_15)
FNDA:0,(anonymous_16)
FNDA:0,(anonymous_17)
FNDA:0,(anonymous_18)
FNDA:0,(anonymous_19)
FNDA:0,Instituicoes
FNDA:0,(anonymous_21)
FNDA:0,(anonymous_22)
FNDA:0,(anonymous_23)
FNDA:0,(anonymous_24)
FNDA:0,(anonymous_25)
FNDA:0,(anonymous_26)
FNDA:0,(anonymous_27)
FNDA:0,(anonymous_28)
FNDA:0,(anonymous_29)
FNDA:0,(anonymous_30)
FNDA:0,abrirCriar
FNDA:0,abrirEditar
FNDA:0,formParaInput
FNDA:0,handleCriar
FNDA:0,handleAtualizar
FNDA:0,(anonymous_36)
FNDA:0,(anonymous_37)
FNDA:0,(anonymous_38)
FNDA:0,(anonymous_39)
FNDA:0,(anonymous_40)
FNDA:0,(anonymous_41)
FNDA:0,(anonymous_42)
FNDA:0,(anonymous_43)
FNDA:0,(anonymous_44)
FNDA:0,(anonymous_45)
DA:29,0
DA:43,0
DA:51,0
DA:83,0
DA:95,0
DA:106,0
DA:107,0
DA:108,0
DA:112,0
DA:115,0
DA:123,0
DA:132,0
DA:145,0
DA:157,0
DA:165,0
DA:170,0
DA:182,0
DA:183,0
DA:194,0
DA:201,0
DA:225,0
DA:234,0
DA:243,0
DA:252,0
DA:265,0
DA:266,0
DA:268,0
DA:269,0
DA:270,0
DA:271,0
DA:273,0
DA:278,0
DA:280,0
DA:281,0
DA:283,0
DA:284,0
DA:285,0
DA:286,0
DA:289,0
DA:290,0
DA:294,0
DA:296,0
DA:298,0
DA:299,0
DA:300,0
DA:301,0
DA:303,0
DA:306,0
DA:308,0
DA:310,0
DA:311,0
DA:313,0
DA:317,0
DA:318,0
DA:322,0
DA:335,0
DA:339,0
DA:354,0
DA:355,0
DA:356,0
DA:358,0
DA:362,0
DA:363,0
DA:364,0
DA:365,0
DA:367,0
DA:370,0
DA:371,0
DA:372,0
DA:373,0
DA:380,0
DA:400,0
DA:420,0
DA:451,0
DA:502,0
DA:509,0
DA:522,0
DA:525,0
DA:537,0
DA:540,0
LF:80
LH:0
BRDA:84,0,0,0
BRDA:84,0,1,0
BRDA:87,1,0,0
BRDA:87,1,1,0
BRDA:107,2,0,0
BRDA:107,2,1,0
BRDA:107,3,0,0
BRDA:107,3,1,0
BRDA:183,4,0,0
BRDA:183,4,1,0
BRDA:191,5,0,0
BRDA:191,5,1,0
BRDA:273,6,0,0
BRDA:290,7,0,0
BRDA:290,7,1,0
BRDA:310,8,0,0
BRDA:310,8,1,0
BRDA:325,9,0,0
BRDA:325,9,1,0
BRDA:326,10,0,0
BRDA:326,10,1,0
BRDA:327,11,0,0
BRDA:327,11,1,0
BRDA:328,12,0,0
BRDA:328,12,1,0
BRDA:329,13,0,0
BRDA:329,13,1,0
BRDA:330,14,0,0
BRDA:330,14,1,0
BRDA:331,15,0,0
BRDA:331,15,1,0
BRDA:342,16,0,0
BRDA:342,16,1,0
BRDA:343,17,0,0
BRDA:343,17,1,0
BRDA:344,18,0,0
BRDA:344,18,1,0
BRDA:345,19,0,0
BRDA:345,19,1,0
BRDA:346,20,0,0
BRDA:346,20,1,0
BRDA:347,21,0,0
BRDA:347,21,1,0
BRDA:348,22,0,0
BRDA:348,22,1,0
BRDA:354,23,0,0
BRDA:354,23,1,0
BRDA:354,24,0,0
BRDA:354,24,1,0
BRDA:362,25,0,0
BRDA:362,25,1,0
BRDA:363,26,0,0
BRDA:363,26,1,0
BRDA:363,27,0,0
BRDA:363,27,1,0
BRDA:371,28,0,0
BRDA:371,28,1,0
BRDA:374,29,0,0
BRDA:374,29,1,0
BRDA:374,29,2,0
BRDA:376,30,0,0
BRDA:376,30,1,0
BRDA:408,31,0,0
BRDA:408,31,1,0
BRDA:412,32,0,0
BRDA:412,32,1,0
BRDA:415,33,0,0
BRDA:415,33,1,0
BRDA:420,34,0,0
BRDA:420,34,1,0
BRDA:429,35,0,0
BRDA:429,35,1,0
BRDA:437,36,0,0
BRDA:437,36,1,0
BRDA:437,36,2,0
BRDA:437,36,3,0
BRDA:448,37,0,0
BRDA:448,37,1,0
BRDA:465,38,0,0
BRDA:465,38,1,0
BRDA:476,39,0,0
BRDA:476,39,1,0
BRDA:484,40,0,0
BRDA:484,40,1,0
BRDA:506,41,0,0
BRDA:506,41,1,0
BRDA:511,42,0,0
BRDA:511,42,1,0
BRDA:521,43,0,0
BRDA:521,43,1,0
BRDA:536,44,0,0
BRDA:536,44,1,0
BRF:92
BRH:0
end_of_record
TN:
SF:src\pages\Login.tsx
FN:8,Login
FN:18,handleSubmit
FN:35,(anonymous_2)
FN:72,(anonymous_3)
FN:87,(anonymous_4)
FN:94,(anonymous_5)
FN:94,(anonymous_6)
FNF:7
FNH:0
FNDA:0,Login
FNDA:0,handleSubmit
FNDA:0,(anonymous_2)
FNDA:0,(anonymous_3)
FNDA:0,(anonymous_4)
FNDA:0,(anonymous_5)
FNDA:0,(anonymous_6)
DA:9,0
DA:10,0
DA:12,0
DA:13,0
DA:14,0
DA:15,0
DA:16,0
DA:19,0
DA:20,0
DA:21,0
DA:22,0
DA:23,0
DA:24,0
DA:25,0
DA:26,0
DA:27,0
DA:29,0
DA:31,0
DA:35,0
DA:36,0
DA:40,0
DA:72,0
DA:87,0
DA:94,0
LF:24
LH:0
BRDA:20,0,0,0
BRDA:20,0,1,0
BRDA:21,1,0,0
BRDA:21,1,1,0
BRDA:37,2,0,0
BRDA:37,2,1,0
BRDA:72,3,0,0
BRDA:72,3,1,0
BRDA:76,4,0,0
BRDA:76,4,1,0
BRDA:85,5,0,0
BRDA:85,5,1,0
BRDA:87,6,0,0
BRDA:87,6,1,0
BRDA:90,7,0,0
BRDA:90,7,1,0
BRDA:97,8,0,0
BRDA:97,8,1,0
BRDA:99,9,0,0
BRDA:99,9,1,0
BRDA:113,10,0,0
BRDA:113,10,1,0
BRDA:127,11,0,0
BRDA:127,11,1,0
BRF:24
BRH:0
end_of_record
TN:
SF:src\pages\MeusCertificados.tsx
FN:15,MeusCertificados
FN:20,(anonymous_1)
FN:24,(anonymous_2)
FN:25,(anonymous_3)
FN:26,(anonymous_4)
FN:27,(anonymous_5)
FN:56,(anonymous_6)
FN:86,(anonymous_7)
FNF:8
FNH:0
FNDA:0,MeusCertificados
FNDA:0,(anonymous_1)
FNDA:0,(anonymous_2)
FNDA:0,(anonymous_3)
FNDA:0,(anonymous_4)
FNDA:0,(anonymous_5)
FNDA:0,(anonymous_6)
FNDA:0,(anonymous_7)
DA:8,0
DA:16,0
DA:18,0
DA:20,0
DA:23,0
DA:24,0
DA:25,0
DA:26,0
DA:27,0
DA:30,0
DA:57,0
DA:86,0
LF:12
LH:0
BRDA:34,0,0,0
BRDA:34,0,1,0
BRDA:40,1,0,0
BRDA:40,1,1,0
BRDA:42,2,0,0
BRDA:42,2,1,0
BRDA:54,3,0,0
BRDA:54,3,1,0
BRDA:54,3,2,0
BRDA:57,4,0,0
BRDA:57,4,1,0
BRDA:67,5,0,0
BRDA:67,5,1,0
BRDA:73,6,0,0
BRDA:73,6,1,0
BRF:15
BRH:0
end_of_record
TN:
SF:src\pages\NaoEncontrado.tsx
FN:3,NaoEncontrado
FNF:1
FNH:1
FNDA:3,NaoEncontrado
DA:4,3
LF:1
LH:1
BRF:0
BRH:0
end_of_record
TN:
SF:src\pages\Perfil.tsx
FN:12,(anonymous_0)
FN:17,InfoRow
FN:28,formatarCpf
FN:36,Perfil
FN:67,preencherForm
FN:76,(anonymous_5)
FN:81,(anonymous_6)
FN:89,(anonymous_7)
FN:95,(anonymous_8)
FN:102,(anonymous_9)
FN:104,(anonymous_10)
FN:110,(anonymous_11)
FN:116,handleSalvarDados
FN:124,handleAlterarSenha
FN:132,cancelar
FN:138,(anonymous_15)
FN:143,(anonymous_16)
FN:207,(anonymous_17)
FN:210,(anonymous_18)
FN:233,(anonymous_19)
FN:233,(anonymous_20)
FN:241,(anonymous_21)
FN:241,(anonymous_22)
FN:250,(anonymous_23)
FN:259,(anonymous_24)
FN:264,(anonymous_25)
FN:302,(anonymous_26)
FN:304,(anonymous_27)
FN:304,(anonymous_28)
FN:320,(anonymous_29)
FN:328,(anonymous_30)
FNF:31
FNH:0
FNDA:0,(anonymous_0)
FNDA:0,InfoRow
FNDA:0,formatarCpf
FNDA:0,Perfil
FNDA:0,preencherForm
FNDA:0,(anonymous_5)
FNDA:0,(anonymous_6)
FNDA:0,(anonymous_7)
FNDA:0,(anonymous_8)
FNDA:0,(anonymous_9)
FNDA:0,(anonymous_10)
FNDA:0,(anonymous_11)
FNDA:0,handleSalvarDados
FNDA:0,handleAlterarSenha
FNDA:0,cancelar
FNDA:0,(anonymous_15)
FNDA:0,(anonymous_16)
FNDA:0,(anonymous_17)
FNDA:0,(anonymous_18)
FNDA:0,(anonymous_19)
FNDA:0,(anonymous_20)
FNDA:0,(anonymous_21)
FNDA:0,(anonymous_22)
FNDA:0,(anonymous_23)
FNDA:0,(anonymous_24)
FNDA:0,(anonymous_25)
FNDA:0,(anonymous_26)
FNDA:0,(anonymous_27)
FNDA:0,(anonymous_28)
FNDA:0,(anonymous_29)
FNDA:0,(anonymous_30)
DA:12,0
DA:13,0
DA:18,0
DA:29,0
DA:30,0
DA:31,0
DA:32,0
DA:33,0
DA:37,0
DA:38,0
DA:39,0
DA:40,0
DA:42,0
DA:44,0
DA:45,0
DA:46,0
DA:47,0
DA:48,0
DA:49,0
DA:51,0
DA:52,0
DA:53,0
DA:54,0
DA:55,0
DA:57,0
DA:63,0
DA:64,0
DA:65,0
DA:68,0
DA:69,0
DA:70,0
DA:71,0
DA:72,0
DA:73,0
DA:76,0
DA:77,0
DA:80,0
DA:82,0
DA:90,0
DA:91,0
DA:92,0
DA:93,0
DA:96,0
DA:97,0
DA:101,0
DA:103,0
DA:105,0
DA:106,0
DA:107,0
DA:108,0
DA:111,0
DA:112,0
DA:117,0
DA:118,0
DA:119,0
DA:120,0
DA:121,0
DA:125,0
DA:126,0
DA:127,0
DA:128,0
DA:129,0
DA:133,0
DA:134,0
DA:135,0
DA:138,0
DA:139,0
DA:143,0
DA:144,0
DA:149,0
DA:207,0
DA:210,0
DA:233,0
DA:241,0
DA:250,0
DA:259,0
DA:264,0
DA:302,0
DA:304,0
DA:320,0
DA:328,0
LF:81
LH:0
BRDA:14,0,0,0
BRDA:14,0,1,0
BRDA:21,1,0,0
BRDA:21,1,1,0
BRDA:22,2,0,0
BRDA:22,2,1,0
BRDA:22,2,2,0
BRDA:30,3,0,0
BRDA:30,3,1,0
BRDA:31,4,0,0
BRDA:31,4,1,0
BRDA:32,5,0,0
BRDA:32,5,1,0
BRDA:40,6,0,0
BRDA:40,6,1,0
BRDA:63,7,0,0
BRDA:63,7,1,0
BRDA:65,8,0,0
BRDA:65,8,1,0
BRDA:68,9,0,0
BRDA:68,9,1,0
BRDA:69,10,0,0
BRDA:69,10,1,0
BRDA:70,11,0,0
BRDA:70,11,1,0
BRDA:71,12,0,0
BRDA:71,12,1,0
BRDA:72,13,0,0
BRDA:72,13,1,0
BRDA:77,14,0,0
BRDA:77,14,1,0
BRDA:85,15,0,0
BRDA:85,15,1,0
BRDA:85,16,0,0
BRDA:85,16,1,0
BRDA:86,17,0,0
BRDA:86,17,1,0
BRDA:86,18,0,0
BRDA:86,18,1,0
BRDA:87,19,0,0
BRDA:87,19,1,0
BRDA:87,20,0,0
BRDA:87,20,1,0
BRDA:97,21,0,0
BRDA:97,21,1,0
BRDA:112,22,0,0
BRDA:112,22,1,0
BRDA:118,23,0,0
BRDA:118,23,1,0
BRDA:118,24,0,0
BRDA:118,24,1,0
BRDA:119,25,0,0
BRDA:119,25,1,0
BRDA:119,26,0,0
BRDA:119,26,1,0
BRDA:120,27,0,0
BRDA:120,27,1,0
BRDA:125,28,0,0
BRDA:125,28,1,0
BRDA:126,29,0,0
BRDA:126,29,1,0
BRDA:126,30,0,0
BRDA:126,30,1,0
BRDA:127,31,0,0
BRDA:127,31,1,0
BRDA:160,32,0,0
BRDA:160,32,1,0
BRDA:163,33,0,0
BRDA:163,33,1,0
BRDA:166,34,0,0
BRDA:166,34,1,0
BRDA:166,35,0,0
BRDA:166,35,1,0
BRDA:167,36,0,0
BRDA:167,36,1,0
BRDA:167,37,0,0
BRDA:167,37,1,0
BRDA:169,38,0,0
BRDA:169,38,1,0
BRDA:178,39,0,0
BRDA:178,39,1,0
BRDA:188,40,0,0
BRDA:188,40,1,0
BRDA:193,41,0,0
BRDA:193,41,1,0
BRDA:199,42,0,0
BRDA:199,42,1,0
BRDA:218,43,0,0
BRDA:218,43,1,0
BRDA:235,44,0,0
BRDA:235,44,1,0
BRDA:243,45,0,0
BRDA:243,45,1,0
BRDA:246,46,0,0
BRDA:246,46,1,0
BRDA:254,47,0,0
BRDA:254,47,1,0
BRDA:269,48,0,0
BRDA:269,48,1,0
BRDA:285,49,0,0
BRDA:285,49,1,0
BRDA:300,50,0,0
BRDA:300,50,1,0
BRDA:303,51,0,0
BRDA:303,51,1,0
BRDA:307,52,0,0
BRDA:307,52,1,0
BRDA:318,53,0,0
BRDA:318,53,1,0
BRDA:326,54,0,0
BRDA:326,54,1,0
BRDA:329,55,0,0
BRDA:329,55,1,0
BRDA:330,56,0,0
BRDA:330,56,1,0
BRDA:330,56,2,0
BRDA:335,57,0,0
BRDA:335,57,1,0
BRF:118
BRH:0
end_of_record
TN:
SF:src\pages\SubmeterDocumento.tsx
FN:32,inputCls
FN:38,Campo
FN:49,SubmeterDocumento
FN:59,(anonymous_3)
FN:60,(anonymous_4)
FN:66,(anonymous_5)
FN:69,atualizar
FN:70,(anonymous_7)
FN:71,(anonymous_8)
FN:72,(anonymous_9)
FN:76,validar
FN:90,handleSubmit
FN:139,(anonymous_12)
FN:161,(anonymous_13)
FN:162,(anonymous_14)
FN:164,(anonymous_15)
FN:170,(anonymous_16)
FNF:17
FNH:0
FNDA:0,inputCls
FNDA:0,Campo
FNDA:0,SubmeterDocumento
FNDA:0,(anonymous_3)
FNDA:0,(anonymous_4)
FNDA:0,(anonymous_5)
FNDA:0,atualizar
FNDA:0,(anonymous_7)
FNDA:0,(anonymous_8)
FNDA:0,(anonymous_9)
FNDA:0,validar
FNDA:0,handleSubmit
FNDA:0,(anonymous_12)
FNDA:0,(anonymous_13)
FNDA:0,(anonymous_14)
FNDA:0,(anonymous_15)
FNDA:0,(anonymous_16)
DA:10,0
DA:33,0
DA:39,0
DA:50,0
DA:51,0
DA:52,0
DA:53,0
DA:55,0
DA:56,0
DA:58,0
DA:59,0
DA:61,0
DA:62,0
DA:63,0
DA:64,0
DA:66,0
DA:70,0
DA:71,0
DA:72,0
DA:77,0
DA:78,0
DA:79,0
DA:80,0
DA:81,0
DA:82,0
DA:83,0
DA:84,0
DA:85,0
DA:86,0
DA:87,0
DA:91,0
DA:92,0
DA:93,0
DA:94,0
DA:95,0
DA:96,0
DA:97,0
DA:98,0
DA:101,0
DA:140,0
DA:162,0
DA:164,0
DA:170,0
LF:43
LH:0
BRDA:34,0,0,0
BRDA:34,0,1,0
BRDA:43,1,0,0
BRDA:43,1,1,0
BRDA:43,1,2,0
BRDA:44,2,0,0
BRDA:44,2,1,0
BRDA:78,3,0,0
BRDA:78,3,1,0
BRDA:78,4,0,0
BRDA:78,4,1,0
BRDA:80,5,0,0
BRDA:80,5,1,0
BRDA:83,6,0,0
BRDA:83,6,1,0
BRDA:83,7,0,0
BRDA:83,7,1,0
BRDA:83,7,2,0
BRDA:85,8,0,0
BRDA:85,8,1,0
BRDA:92,9,0,0
BRDA:92,9,1,0
BRDA:135,10,0,0
BRDA:135,10,1,0
BRDA:136,11,0,0
BRDA:136,11,1,0
BRDA:154,12,0,0
BRDA:154,12,1,0
BRDA:158,13,0,0
BRDA:158,13,1,0
BRF:30
BRH:0
end_of_record
TN:
SF:src\pages\Usuarios.tsx
FN:14,groupBy
FN:15,(anonymous_1)
FN:49,formatarCpf
FN:58,Modal
FN:77,CamposUsuario
FN:88,(anonymous_5)
FN:94,(anonymous_6)
FN:100,(anonymous_7)
FN:108,(anonymous_8)
FN:115,(anonymous_9)
FN:117,(anonymous_10)
FN:125,(anonymous_11)
FN:128,(anonymous_12)
FN:130,(anonymous_13)
FN:144,(anonymous_14)
FN:158,(anonymous_15)
FN:172,(anonymous_16)
FN:184,Usuarios
FN:196,(anonymous_18)
FN:205,(anonymous_19)
FN:208,(anonymous_20)
FN:210,(anonymous_21)
FN:216,(anonymous_22)
FN:223,(anonymous_23)
FN:225,(anonymous_24)
FN:230,(anonymous_25)
FN:237,(anonymous_26)
FN:239,(anonymous_27)
FN:243,(anonymous_28)
FN:246,abrirCriar
FN:251,abrirEditar
FN:264,handleCriar
FN:283,handleAtualizar
FN:305,(anonymous_33)
FN:328,(anonymous_34)
FN:342,(anonymous_35)
FN:364,(anonymous_36)
FN:371,(anonymous_37)
FN:384,(anonymous_38)
FN:385,(anonymous_39)
FN:388,(anonymous_40)
FN:396,(anonymous_41)
FN:397,(anonymous_42)
FN:400,(anonymous_43)
FNF:44
FNH:0
FNDA:0,groupBy
FNDA:0,(anonymous_1)
FNDA:0,formatarCpf
FNDA:0,Modal
FNDA:0,CamposUsuario
FNDA:0,(anonymous_5)
FNDA:0,(anonymous_6)
FNDA:0,(anonymous_7)
FNDA:0,(anonymous_8)
FNDA:0,(anonymous_9)
FNDA:0,(anonymous_10)
FNDA:0,(anonymous_11)
FNDA:0,(anonymous_12)
FNDA:0,(anonymous_13)
FNDA:0,(anonymous_14)
FNDA:0,(anonymous_15)
FNDA:0,(anonymous_16)
FNDA:0,Usuarios
FNDA:0,(anonymous_18)
FNDA:0,(anonymous_19)
FNDA:0,(anonymous_20)
FNDA:0,(anonymous_21)
FNDA:0,(anonymous_22)
FNDA:0,(anonymous_23)
FNDA:0,(anonymous_24)
FNDA:0,(anonymous_25)
FNDA:0,(anonymous_26)
FNDA:0,(anonymous_27)
FNDA:0,(anonymous_28)
FNDA:0,abrirCriar
FNDA:0,abrirEditar
FNDA:0,handleCriar
FNDA:0,handleAtualizar
FNDA:0,(anonymous_33)
FNDA:0,(anonymous_34)
FNDA:0,(anonymous_35)
FNDA:0,(anonymous_36)
FNDA:0,(anonymous_37)
FNDA:0,(anonymous_38)
FNDA:0,(anonymous_39)
FNDA:0,(anonymous_40)
FNDA:0,(anonymous_41)
FNDA:0,(anonymous_42)
FNDA:0,(anonymous_43)
DA:12,0
DA:15,0
DA:16,0
DA:17,0
DA:18,0
DA:19,0
DA:44,0
DA:45,0
DA:47,0
DA:50,0
DA:51,0
DA:52,0
DA:53,0
DA:54,0
DA:59,0
DA:88,0
DA:90,0
DA:94,0
DA:100,0
DA:108,0
DA:115,0
DA:117,0
DA:125,0
DA:129,0
DA:131,0
DA:144,0
DA:158,0
DA:172,0
DA:185,0
DA:186,0
DA:188,0
DA:189,0
DA:190,0
DA:191,0
DA:192,0
DA:194,0
DA:196,0
DA:199,0
DA:205,0
DA:207,0
DA:209,0
DA:211,0
DA:212,0
DA:213,0
DA:214,0
DA:217,0
DA:218,0
DA:222,0
DA:224,0
DA:226,0
DA:227,0
DA:228,0
DA:231,0
DA:232,0
DA:236,0
DA:238,0
DA:240,0
DA:241,0
DA:243,0
DA:247,0
DA:248,0
DA:252,0
DA:261,0
DA:265,0
DA:266,0
DA:267,0
DA:269,0
DA:270,0
DA:271,0
DA:273,0
DA:284,0
DA:285,0
DA:286,0
DA:287,0
DA:288,0
DA:290,0
DA:291,0
DA:305,0
DA:306,0
DA:307,0
DA:308,0
DA:315,0
DA:328,0
DA:343,0
DA:364,0
DA:371,0
DA:384,0
DA:385,0
DA:388,0
DA:396,0
DA:397,0
DA:400,0
LF:92
LH:0
BRDA:17,0,0,0
BRDA:17,0,1,0
BRDA:51,1,0,0
BRDA:51,1,1,0
BRDA:52,2,0,0
BRDA:52,2,1,0
BRDA:53,3,0,0
BRDA:53,3,1,0
BRDA:104,4,0,0
BRDA:104,4,1,0
BRDA:117,5,0,0
BRDA:117,5,1,0
BRDA:138,6,0,0
BRDA:138,6,1,0
BRDA:149,7,0,0
BRDA:149,7,1,0
BRDA:149,7,2,0
BRDA:157,8,0,0
BRDA:157,8,1,0
BRDA:171,9,0,0
BRDA:171,9,1,0
BRDA:194,10,0,0
BRDA:199,11,0,0
BRDA:218,12,0,0
BRDA:218,12,1,0
BRDA:232,13,0,0
BRDA:232,13,1,0
BRDA:240,14,0,0
BRDA:240,14,1,0
BRDA:256,15,0,0
BRDA:256,15,1,0
BRDA:257,16,0,0
BRDA:257,16,1,0
BRDA:258,17,0,0
BRDA:258,17,1,0
BRDA:259,18,0,0
BRDA:259,18,1,0
BRDA:265,19,0,0
BRDA:265,19,1,0
BRDA:265,20,0,0
BRDA:265,20,1,0
BRDA:269,21,0,0
BRDA:269,21,1,0
BRDA:269,22,0,0
BRDA:269,22,1,0
BRDA:278,23,0,0
BRDA:278,23,1,0
BRDA:279,24,0,0
BRDA:279,24,1,0
BRDA:284,25,0,0
BRDA:284,25,1,0
BRDA:285,26,0,0
BRDA:285,26,1,0
BRDA:286,27,0,0
BRDA:286,27,1,0
BRDA:286,28,0,0
BRDA:286,28,1,0
BRDA:290,29,0,0
BRDA:290,29,1,0
BRDA:297,30,0,0
BRDA:297,30,1,0
BRDA:298,31,0,0
BRDA:298,31,1,0
BRDA:298,32,0,0
BRDA:298,32,1,0
BRDA:299,33,0,0
BRDA:299,33,1,0
BRDA:299,34,0,0
BRDA:299,34,1,0
BRDA:300,35,0,0
BRDA:300,35,1,0
BRDA:306,36,0,0
BRDA:306,36,1,0
BRDA:309,37,0,0
BRDA:309,37,1,0
BRDA:309,37,2,0
BRDA:311,38,0,0
BRDA:311,38,1,0
BRDA:334,39,0,0
BRDA:334,39,1,0
BRDA:336,40,0,0
BRDA:336,40,1,0
BRDA:338,41,0,0
BRDA:338,41,1,0
BRDA:343,42,0,0
BRDA:343,42,1,0
BRDA:350,43,0,0
BRDA:350,43,1,0
BRDA:351,44,0,0
BRDA:351,44,1,0
BRDA:353,45,0,0
BRDA:353,45,1,0
BRDA:358,46,0,0
BRDA:358,46,1,0
BRDA:359,47,0,0
BRDA:359,47,1,0
BRDA:360,48,0,0
BRDA:360,48,1,0
BRDA:361,49,0,0
BRDA:361,49,1,0
BRDA:368,50,0,0
BRDA:368,50,1,0
BRDA:373,51,0,0
BRDA:373,51,1,0
BRDA:383,52,0,0
BRDA:383,52,1,0
BRDA:395,53,0,0
BRDA:395,53,1,0
BRF:108
BRH:0
end_of_record
TN:
SF:src\pages\Verificar.tsx
FN:21,verificarCertificado
FN:26,Verificar
FN:31,(anonymous_2)
FNF:3
FNH:0
FNDA:0,verificarCertificado
FNDA:0,Verificar
FNDA:0,(anonymous_2)
DA:5,0
DA:19,0
DA:22,0
DA:23,0
DA:27,0
DA:29,0
DA:31,0
DA:36,0
DA:38,0
LF:9
LH:0
BRDA:19,0,0,0
BRDA:19,0,1,0
BRDA:36,1,0,0
BRDA:36,1,1,0
BRDA:36,1,2,0
BRDA:57,2,0,0
BRDA:57,2,1,0
BRDA:65,3,0,0
BRDA:65,3,1,0
BRDA:80,4,0,0
BRDA:80,4,1,0
BRDA:80,4,2,0
BRDA:87,5,0,0
BRDA:87,5,1,0
BRDA:102,6,0,0
BRDA:102,6,1,0
BRDA:110,7,0,0
BRDA:110,7,1,0
BRDA:115,8,0,0
BRDA:115,8,1,0
BRF:20
BRH:0
end_of_record
TN:
SF:src\services\api.ts
FN:10,(anonymous_0)
FN:18,(anonymous_1)
FN:19,(anonymous_2)
FNF:3
FNH:0
FNDA:0,(anonymous_0)
FNDA:0,(anonymous_1)
FNDA:0,(anonymous_2)
DA:4,0
DA:10,0
DA:11,0
DA:12,0
DA:13,0
DA:15,0
DA:18,0
DA:19,0
DA:21,0
DA:23,0
DA:24,0
DA:25,0
DA:26,0
DA:28,0
LF:14
LH:0
BRDA:5,0,0,0
BRDA:5,0,1,0
BRDA:12,1,0,0
BRDA:12,1,1,0
BRDA:21,2,0,0
BRDA:21,2,1,0
BRF:6
BRH:0
end_of_record
TN:
SF:src\services\auth.ts
FN:18,(anonymous_0)
FN:19,(anonymous_1)
FN:21,(anonymous_2)
FN:22,(anonymous_3)
FNF:4
FNH:4
FNDA:1,(anonymous_0)
FNDA:1,(anonymous_1)
FNDA:1,(anonymous_2)
FNDA:1,(anonymous_3)
DA:17,1
DA:19,1
DA:22,1
LF:3
LH:3
BRF:0
BRH:0
end_of_record
TN:
SF:src\services\certificados.ts
FN:15,(anonymous_0)
FN:16,(anonymous_1)
FN:18,(anonymous_2)
FN:19,(anonymous_3)
FN:21,(anonymous_4)
FN:24,(anonymous_5)
FNF:6
FNH:0
FNDA:0,(anonymous_0)
FNDA:0,(anonymous_1)
FNDA:0,(anonymous_2)
FNDA:0,(anonymous_3)
FNDA:0,(anonymous_4)
FNDA:0,(anonymous_5)
DA:14,0
DA:16,0
DA:19,0
DA:22,0
DA:24,0
LF:5
LH:0
BRF:0
BRH:0
end_of_record
TN:
SF:src\services\cursos.ts
FN:34,(anonymous_0)
FN:35,(anonymous_1)
FN:38,(anonymous_2)
FN:43,(anonymous_3)
FN:45,(anonymous_4)
FN:46,(anonymous_5)
FN:48,(anonymous_6)
FN:49,(anonymous_7)
FN:51,(anonymous_8)
FN:52,(anonymous_9)
FNF:10
FNH:10
FNDA:1,(anonymous_0)
FNDA:1,(anonymous_1)
FNDA:2,(anonymous_2)
FNDA:2,(anonymous_3)
FNDA:1,(anonymous_4)
FNDA:1,(anonymous_5)
FNDA:1,(anonymous_6)
FNDA:1,(anonymous_7)
FNDA:1,(anonymous_8)
FNDA:1,(anonymous_9)
DA:32,1
DA:35,1
DA:39,2
DA:43,2
DA:46,1
DA:49,1
DA:52,1
LF:7
LH:7
BRDA:41,0,0,1
BRDA:41,0,1,1
BRF:2
BRH:2
end_of_record
TN:
SF:src\services\documentos.ts
FN:5,(anonymous_0)
FN:12,(anonymous_1)
FN:15,(anonymous_2)
FN:16,(anonymous_3)
FN:18,(anonymous_4)
FN:21,(anonymous_5)
FN:23,(anonymous_6)
FN:28,(anonymous_7)
FN:30,(anonymous_8)
FN:31,(anonymous_9)
FN:33,(anonymous_10)
FN:34,(anonymous_11)
FN:36,(anonymous_12)
FN:37,(anonymous_13)
FN:39,(anonymous_14)
FN:42,(anonymous_15)
FN:44,(anonymous_16)
FN:45,(anonymous_17)
FNF:18
FNH:16
FNDA:2,(anonymous_0)
FNDA:2,(anonymous_1)
FNDA:1,(anonymous_2)
FNDA:1,(anonymous_3)
FNDA:1,(anonymous_4)
FNDA:1,(anonymous_5)
FNDA:0,(anonymous_6)
FNDA:0,(anonymous_7)
FNDA:1,(anonymous_8)
FNDA:1,(anonymous_9)
FNDA:1,(anonymous_10)
FNDA:1,(anonymous_11)
FNDA:1,(anonymous_12)
FNDA:1,(anonymous_13)
FNDA:1,(anonymous_14)
FNDA:1,(anonymous_15)
FNDA:1,(anonymous_16)
FNDA:1,(anonymous_17)
DA:4,1
DA:6,2
DA:7,2
DA:8,2
DA:9,2
DA:10,2
DA:11,2
DA:12,2
DA:16,1
DA:19,1
DA:21,1
DA:24,0
DA:28,0
DA:31,1
DA:34,1
DA:37,1
DA:40,1
DA:42,1
DA:45,1
LF:19
LH:17
BRDA:5,0,0,2
BRDA:7,1,0,1
BRDA:7,1,1,1
BRDA:8,2,0,0
BRDA:8,2,1,2
BRDA:9,3,0,0
BRDA:9,3,1,2
BRDA:10,4,0,1
BRDA:10,4,1,1
BRDA:11,5,0,0
BRDA:11,5,1,2
BRF:11
BRH:8
end_of_record
TN:
SF:src\services\instituicoes.ts
FN:36,(anonymous_0)
FN:37,(anonymous_1)
FN:39,(anonymous_2)
FN:40,(anonymous_3)
FN:42,(anonymous_4)
FN:43,(anonymous_5)
FN:45,(anonymous_6)
FN:46,(anonymous_7)
FNF:8
FNH:0
FNDA:0,(anonymous_0)
FNDA:0,(anonymous_1)
FNDA:0,(anonymous_2)
FNDA:0,(anonymous_3)
FNDA:0,(anonymous_4)
FNDA:0,(anonymous_5)
FNDA:0,(anonymous_6)
FNDA:0,(anonymous_7)
DA:35,0
DA:37,0
DA:40,0
DA:43,0
DA:46,0
LF:5
LH:0
BRF:0
BRH:0
end_of_record
TN:
SF:src\services\usuarios.ts
FN:34,(anonymous_0)
FN:34,(anonymous_1)
FN:36,(anonymous_2)
FN:37,(anonymous_3)
FN:40,(anonymous_4)
FN:41,(anonymous_5)
FN:43,(anonymous_6)
FN:46,(anonymous_7)
FN:48,(anonymous_8)
FN:49,(anonymous_9)
FN:51,(anonymous_10)
FN:52,(anonymous_11)
FN:54,(anonymous_12)
FN:55,(anonymous_13)
FNF:14
FNH:12
FNDA:1,(anonymous_0)
FNDA:1,(anonymous_1)
FNDA:1,(anonymous_2)
FNDA:1,(anonymous_3)
FNDA:0,(anonymous_4)
FNDA:0,(anonymous_5)
FNDA:2,(anonymous_6)
FNDA:2,(anonymous_7)
FNDA:1,(anonymous_8)
FNDA:1,(anonymous_9)
FNDA:1,(anonymous_10)
FNDA:1,(anonymous_11)
FNDA:1,(anonymous_12)
FNDA:1,(anonymous_13)
DA:33,1
DA:34,1
DA:37,1
DA:41,0
DA:44,2
DA:46,2
DA:49,1
DA:52,1
DA:55,1
LF:9
LH:8
BRDA:45,0,0,1
BRDA:45,0,1,1
BRF:2
BRH:2
end_of_record
TN:
SF:src\utils\perfil.ts
FN:13,iniciais
FN:18,(anonymous_1)
FNF:2
FNH:2
FNDA:6,iniciais
FNDA:9,(anonymous_1)
DA:1,1
DA:7,1
DA:14,6
DA:18,9
LF:4
LH:4
BRF:0
BRH:0
end_of_record
TN:
SF:src\utils\seguranca.ts
FN:5,sanitizarUrl
FN:20,mensagemErroSegura
FNF:2
FNH:2
FNDA:8,sanitizarUrl
FNDA:6,mensagemErroSegura
DA:6,8
DA:7,5
DA:8,5
DA:9,5
DA:10,2
DA:12,1
DA:21,6
DA:22,6
DA:24,6
LF:9
LH:9
BRDA:6,0,0,3
BRDA:6,0,1,5
BRDA:9,1,0,2
BRDA:9,1,1,3
BRDA:9,2,0,5
BRDA:9,2,1,3
BRDA:20,3,0,6
BRDA:24,4,0,6
BRDA:24,4,1,4
BRDA:24,4,2,3
BRF:10
BRH:10
end_of_record
