{"total": {"lines":{"total":992,"covered":902,"skipped":0,"pct":90.92},"statements":{"total":1093,"covered":945,"skipped":0,"pct":86.45},"functions":{"total":109,"covered":94,"skipped":0,"pct":86.23},"branches":{"total":616,"covered":489,"skipped":0,"pct":79.38},"branchesTrue":{"total":0,"covered":0,"skipped":0,"pct":100}}
,"C:\\Users\\icaro\\Desktop\\valida-ai\\backend\\src\\configuracao.ts": {"lines":{"total":7,"covered":6,"skipped":0,"pct":85.71},"functions":{"total":1,"covered":1,"skipped":0,"pct":100},"statements":{"total":7,"covered":6,"skipped":0,"pct":85.71},"branches":{"total":34,"covered":18,"skipped":0,"pct":52.94}}
,"C:\\Users\\icaro\\Desktop\\valida-ai\\backend\\src\\eventos\\barramento.ts": {"lines":{"total":4,"covered":4,"skipped":0,"pct":100},"functions":{"total":2,"covered":2,"skipped":0,"pct":100},"statements":{"total":4,"covered":4,"skipped":0,"pct":100},"branches":{"total":0,"covered":0,"skipped":0,"pct":100}}
,"C:\\Users\\icaro\\Desktop\\valida-ai\\backend\\src\\eventos\\handlers\\documento-aprovado.ts": {"lines":{"total":18,"covered":18,"skipped":0,"pct":100},"functions":{"total":1,"covered":1,"skipped":0,"pct":100},"statements":{"total":18,"covered":18,"skipped":0,"pct":100},"branches":{"total":8,"covered":7,"skipped":0,"pct":87.5}}
,"C:\\Users\\icaro\\Desktop\\valida-ai\\backend\\src\\eventos\\handlers\\documento-reprovado.ts": {"lines":{"total":10,"covered":10,"skipped":0,"pct":100},"functions":{"total":1,"covered":1,"skipped":0,"pct":100},"statements":{"total":10,"covered":10,"skipped":0,"pct":100},"branches":{"total":4,"covered":3,"skipped":0,"pct":75}}
,"C:\\Users\\icaro\\Desktop\\valida-ai\\backend\\src\\eventos\\handlers\\documento-revisao-solicitada.ts": {"lines":{"total":10,"covered":10,"skipped":0,"pct":100},"functions":{"total":1,"covered":1,"skipped":0,"pct":100},"statements":{"total":10,"covered":10,"skipped":0,"pct":100},"branches":{"total":4,"covered":3,"skipped":0,"pct":75}}
,"C:\\Users\\icaro\\Desktop\\valida-ai\\backend\\src\\eventos\\handlers\\documento-submetido.ts": {"lines":{"total":10,"covered":10,"skipped":0,"pct":100},"functions":{"total":1,"covered":1,"skipped":0,"pct":100},"statements":{"total":10,"covered":10,"skipped":0,"pct":100},"branches":{"total":2,"covered":1,"skipped":0,"pct":50}}
,"C:\\Users\\icaro\\Desktop\\valida-ai\\backend\\src\\middleware\\autenticacao.ts": {"lines":{"total":13,"covered":13,"skipped":0,"pct":100},"functions":{"total":1,"covered":1,"skipped":0,"pct":100},"statements":{"total":13,"covered":13,"skipped":0,"pct":100},"branches":{"total":2,"covered":2,"skipped":0,"pct":100}}
,"C:\\Users\\icaro\\Desktop\\valida-ai\\backend\\src\\middleware\\autorizacao.ts": {"lines":{"total":9,"covered":9,"skipped":0,"pct":100},"functions":{"total":2,"covered":2,"skipped":0,"pct":100},"statements":{"total":9,"covered":9,"skipped":0,"pct":100},"branches":{"total":4,"covered":4,"skipped":0,"pct":100}}
,"C:\\Users\\icaro\\Desktop\\valida-ai\\backend\\src\\modulos\\auth\\rotas.ts": {"lines":{"total":88,"covered":88,"skipped":0,"pct":100},"functions":{"total":6,"covered":6,"skipped":0,"pct":100},"statements":{"total":89,"covered":89,"skipped":0,"pct":100},"branches":{"total":69,"covered":63,"skipped":0,"pct":91.3}}
,"C:\\Users\\icaro\\Desktop\\valida-ai\\backend\\src\\modulos\\certificados\\repositorio.ts": {"lines":{"total":16,"covered":16,"skipped":0,"pct":100},"functions":{"total":5,"covered":5,"skipped":0,"pct":100},"statements":{"total":16,"covered":16,"skipped":0,"pct":100},"branches":{"total":6,"covered":6,"skipped":0,"pct":100}}
,"C:\\Users\\icaro\\Desktop\\valida-ai\\backend\\src\\modulos\\certificados\\rotas.ts": {"lines":{"total":41,"covered":34,"skipped":0,"pct":82.92},"functions":{"total":5,"covered":3,"skipped":0,"pct":60},"statements":{"total":43,"covered":36,"skipped":0,"pct":83.72},"branches":{"total":10,"covered":10,"skipped":0,"pct":100}}
,"C:\\Users\\icaro\\Desktop\\valida-ai\\backend\\src\\modulos\\cursos\\repositorio.ts": {"lines":{"total":45,"covered":44,"skipped":0,"pct":97.77},"functions":{"total":7,"covered":7,"skipped":0,"pct":100},"statements":{"total":59,"covered":50,"skipped":0,"pct":84.74},"branches":{"total":28,"covered":22,"skipped":0,"pct":78.57}}
,"C:\\Users\\icaro\\Desktop\\valida-ai\\backend\\src\\modulos\\cursos\\rotas.ts": {"lines":{"total":88,"covered":88,"skipped":0,"pct":100},"functions":{"total":7,"covered":7,"skipped":0,"pct":100},"statements":{"total":92,"covered":92,"skipped":0,"pct":100},"branches":{"total":57,"covered":56,"skipped":0,"pct":98.24}}
,"C:\\Users\\icaro\\Desktop\\valida-ai\\backend\\src\\modulos\\documentos\\repositorio.ts": {"lines":{"total":42,"covered":34,"skipped":0,"pct":80.95},"functions":{"total":4,"covered":4,"skipped":0,"pct":100},"statements":{"total":42,"covered":34,"skipped":0,"pct":80.95},"branches":{"total":24,"covered":17,"skipped":0,"pct":70.83}}
,"C:\\Users\\icaro\\Desktop\\valida-ai\\backend\\src\\modulos\\documentos\\rotas.ts": {"lines":{"total":71,"covered":67,"skipped":0,"pct":94.36},"functions":{"total":6,"covered":6,"skipped":0,"pct":100},"statements":{"total":73,"covered":69,"skipped":0,"pct":94.52},"branches":{"total":31,"covered":27,"skipped":0,"pct":87.09}}
,"C:\\Users\\icaro\\Desktop\\valida-ai\\backend\\src\\modulos\\instituicoes\\repositorio.ts": {"lines":{"total":37,"covered":37,"skipped":0,"pct":100},"functions":{"total":6,"covered":6,"skipped":0,"pct":100},"statements":{"total":59,"covered":43,"skipped":0,"pct":72.88},"branches":{"total":44,"covered":36,"skipped":0,"pct":81.81}}
,"C:\\Users\\icaro\\Desktop\\valida-ai\\backend\\src\\modulos\\instituicoes\\rotas.ts": {"lines":{"total":74,"covered":70,"skipped":0,"pct":94.59},"functions":{"total":7,"covered":5,"skipped":0,"pct":71.42},"statements":{"total":74,"covered":70,"skipped":0,"pct":94.59},"branches":{"total":68,"covered":66,"skipped":0,"pct":97.05}}
,"C:\\Users\\icaro\\Desktop\\valida-ai\\backend\\src\\modulos\\usuarios\\repositorio.ts": {"lines":{"total":59,"covered":43,"skipped":0,"pct":72.88},"functions":{"total":9,"covered":7,"skipped":0,"pct":77.77},"statements":{"total":88,"covered":52,"skipped":0,"pct":59.09},"branches":{"total":44,"covered":24,"skipped":0,"pct":54.54}}
,"C:\\Users\\icaro\\Desktop\\valida-ai\\backend\\src\\modulos\\usuarios\\rotas.ts": {"lines":{"total":146,"covered":116,"skipped":0,"pct":79.45},"functions":{"total":11,"covered":10,"skipped":0,"pct":90.9},"statements":{"total":167,"covered":126,"skipped":0,"pct":75.44},"branches":{"total":129,"covered":82,"skipped":0,"pct":63.56}}
,"C:\\Users\\icaro\\Desktop\\valida-ai\\backend\\src\\modulos\\validacao\\repositorio.ts": {"lines":{"total":21,"covered":21,"skipped":0,"pct":100},"functions":{"total":2,"covered":2,"skipped":0,"pct":100},"statements":{"total":21,"covered":21,"skipped":0,"pct":100},"branches":{"total":4,"covered":4,"skipped":0,"pct":100}}
,"C:\\Users\\icaro\\Desktop\\valida-ai\\backend\\src\\modulos\\validacao\\rotas.ts": {"lines":{"total":53,"covered":51,"skipped":0,"pct":96.22},"functions":{"total":4,"covered":4,"skipped":0,"pct":100},"statements":{"total":57,"covered":52,"skipped":0,"pct":91.22},"branches":{"total":12,"covered":9,"skipped":0,"pct":75}}
,"C:\\Users\\icaro\\Desktop\\valida-ai\\backend\\src\\routes\\publica.ts": {"lines":{"total":17,"covered":17,"skipped":0,"pct":100},"functions":{"total":1,"covered":1,"skipped":0,"pct":100},"statements":{"total":17,"covered":17,"skipped":0,"pct":100},"branches":{"total":6,"covered":6,"skipped":0,"pct":100}}
,"C:\\Users\\icaro\\Desktop\\valida-ai\\backend\\src\\routes\\verificacao.ts": {"lines":{"total":7,"covered":7,"skipped":0,"pct":100},"functions":{"total":1,"covered":1,"skipped":0,"pct":100},"statements":{"total":7,"covered":7,"skipped":0,"pct":100},"branches":{"total":0,"covered":0,"skipped":0,"pct":100}}
,"C:\\Users\\icaro\\Desktop\\valida-ai\\backend\\src\\servicos\\armazenamento.ts": {"lines":{"total":30,"covered":15,"skipped":0,"pct":50},"functions":{"total":8,"covered":0,"skipped":0,"pct":0},"statements":{"total":30,"covered":15,"skipped":0,"pct":50},"branches":{"total":4,"covered":2,"skipped":0,"pct":50}}
,"C:\\Users\\icaro\\Desktop\\valida-ai\\backend\\src\\servicos\\gerador-certificado.ts": {"lines":{"total":48,"covered":48,"skipped":0,"pct":100},"functions":{"total":6,"covered":6,"skipped":0,"pct":100},"statements":{"total":50,"covered":50,"skipped":0,"pct":100},"branches":{"total":2,"covered":2,"skipped":0,"pct":100}}
,"C:\\Users\\icaro\\Desktop\\valida-ai\\backend\\src\\servicos\\notificacao.ts": {"lines":{"total":3,"covered":3,"skipped":0,"pct":100},"functions":{"total":1,"covered":1,"skipped":0,"pct":100},"statements":{"total":3,"covered":3,"skipped":0,"pct":100},"branches":{"total":0,"covered":0,"skipped":0,"pct":100}}
,"C:\\Users\\icaro\\Desktop\\valida-ai\\backend\\src\\utils\\erros.ts": {"lines":{"total":25,"covered":23,"skipped":0,"pct":92},"functions":{"total":3,"covered":3,"skipped":0,"pct":100},"statements":{"total":25,"covered":23,"skipped":0,"pct":92},"branches":{"total":20,"covered":19,"skipped":0,"pct":95}}
}
