TN:
SF:src\configuracao.ts
FN:5,obrigatorio
FNF:1
FNH:1
FNDA:99,obrigatorio
DA:1,33
DA:3,33
DA:6,99
DA:7,99
DA:8,0
DA:12,99
DA:15,33
LF:7
LH:6
BRDA:7,0,0,0
BRDA:7,0,1,99
BRDA:16,1,0,33
BRDA:16,1,1,0
BRDA:17,2,0,33
BRDA:17,2,1,0
BRDA:18,3,0,33
BRDA:18,3,1,0
BRDA:21,4,0,33
BRDA:21,4,1,0
BRDA:22,5,0,33
BRDA:22,5,1,0
BRDA:23,6,0,33
BRDA:23,6,1,0
BRDA:24,7,0,33
BRDA:24,7,1,0
BRDA:25,8,0,33
BRDA:25,8,1,0
BRDA:29,9,0,33
BRDA:29,9,1,0
BRDA:30,10,0,33
BRDA:30,10,1,0
BRDA:31,11,0,33
BRDA:31,11,1,33
BRDA:35,12,0,33
BRDA:35,12,1,0
BRDA:38,13,0,33
BRDA:38,13,1,0
BRDA:39,14,0,33
BRDA:39,14,1,0
BRDA:40,15,0,33
BRDA:40,15,1,0
BRDA:46,16,0,33
BRDA:46,16,1,0
BRF:34
BRH:18
end_of_record
TN:
SF:src\eventos\barramento.ts
FN:5,(anonymous_0)
FN:9,(anonymous_1)
FNF:2
FNH:2
FNDA:6,(anonymous_0)
FNDA:7,(anonymous_1)
DA:1,1
DA:6,6
DA:13,7
DA:17,1
LF:4
LH:4
BRF:0
BRH:0
end_of_record
TN:
SF:src\eventos\handlers\documento-aprovado.ts
FN:11,aoDocumentoAprovado
FNF:1
FNH:1
FNDA:5,aoDocumentoAprovado
DA:1,1
DA:2,1
DA:3,1
DA:4,1
DA:5,1
DA:6,1
DA:9,1
DA:11,1
DA:12,5
DA:13,5
DA:18,4
DA:19,2
DA:22,2
DA:26,2
DA:40,1
DA:48,1
DA:59,1
DA:63,2
LF:18
LH:18
BRDA:9,0,0,1
BRDA:9,0,1,1
BRDA:18,1,0,2
BRDA:18,1,1,2
BRDA:18,2,0,4
BRDA:18,2,1,3
BRDA:64,3,0,2
BRDA:64,3,1,0
BRF:8
BRH:7
end_of_record
TN:
SF:src\eventos\handlers\documento-reprovado.ts
FN:9,aoDocumentoReprovado
FNF:1
FNH:1
FNDA:3,aoDocumentoReprovado
DA:1,1
DA:2,1
DA:3,1
DA:9,1
DA:10,3
DA:11,3
DA:12,2
DA:13,1
DA:25,2
DA:29,1
LF:10
LH:10
BRDA:12,0,0,1
BRDA:12,0,1,1
BRDA:30,1,0,1
BRDA:30,1,1,0
BRF:4
BRH:3
end_of_record
TN:
SF:src\eventos\handlers\documento-revisao-solicitada.ts
FN:10,aoDocumentoRevisaoSolicitada
FNF:1
FNH:1
FNDA:3,aoDocumentoRevisaoSolicitada
DA:1,1
DA:2,1
DA:3,1
DA:10,1
DA:13,3
DA:14,3
DA:15,2
DA:16,1
DA:28,2
DA:32,1
LF:10
LH:10
BRDA:15,0,0,1
BRDA:15,0,1,1
BRDA:33,1,0,1
BRDA:33,1,1,0
BRF:4
BRH:3
end_of_record
TN:
SF:src\eventos\handlers\documento-submetido.ts
FN:16,aoDocumentoSubmetido
FNF:1
FNH:1
FNDA:3,aoDocumentoSubmetido
DA:1,1
DA:2,1
DA:3,1
DA:16,1
DA:17,3
DA:18,3
DA:25,2
DA:26,2
DA:39,2
DA:43,1
LF:10
LH:10
BRDA:44,0,0,1
BRDA:44,0,1,0
BRF:2
BRH:1
end_of_record
TN:
SF:src\middleware\autenticacao.ts
FN:25,autenticar
FNF:1
FNH:1
FNDA:6,autenticar
DA:2,2
DA:3,2
DA:25,2
DA:26,6
DA:27,6
DA:28,2
DA:29,2
DA:32,4
DA:33,4
DA:34,4
DA:35,2
DA:36,2
DA:38,2
LF:13
LH:13
BRDA:27,0,0,2
BRDA:27,0,1,4
BRF:2
BRH:2
end_of_record
TN:
SF:src\middleware\autorizacao.ts
FN:5,exigirPerfil
FN:6,(anonymous_1)
FNF:2
FNH:2
FNDA:9,exigirPerfil
FNDA:5,(anonymous_1)
DA:5,2
DA:6,9
DA:7,5
DA:8,1
DA:9,1
DA:11,4
DA:12,1
DA:13,1
DA:15,3
LF:9
LH:9
BRDA:7,0,0,1
BRDA:7,0,1,4
BRDA:11,1,0,1
BRDA:11,1,1,3
BRF:4
BRH:4
end_of_record
TN:
SF:src\modulos\auth\rotas.ts
FN:17,gerarToken
FN:36,extrairDominio
FN:42,(anonymous_3)
FN:86,(anonymous_4)
FN:131,(anonymous_5)
FN:180,(anonymous_6)
FNF:6
FNH:6
FNDA:6,gerarToken
FNDA:4,extrairDominio
FNDA:11,(anonymous_3)
FNDA:2,(anonymous_4)
FNDA:13,(anonymous_5)
FNDA:2,(anonymous_6)
DA:1,1
DA:2,1
DA:3,1
DA:4,1
DA:5,1
DA:6,1
DA:7,1
DA:13,1
DA:15,1
DA:20,6
DA:37,4
DA:42,1
DA:43,11
DA:45,11
DA:46,2
DA:47,2
DA:49,9
DA:50,1
DA:51,1
DA:54,8
DA:56,8
DA:57,8
DA:59,7
DA:60,1
DA:61,1
DA:65,1
DA:68,6
DA:69,1
DA:73,1
DA:76,5
DA:77,5
DA:78,1
DA:79,1
DA:80,1
DA:83,4
DA:84,2
DA:85,2
DA:86,2
DA:89,2
DA:90,1
DA:95,1
DA:99,1
DA:103,3
DA:105,3
DA:111,3
DA:125,1
DA:131,1
DA:132,13
DA:140,13
DA:141,2
DA:142,2
DA:144,11
DA:145,1
DA:146,1
DA:148,10
DA:149,1
DA:150,1
DA:152,9
DA:153,1
DA:154,1
DA:156,8
DA:157,1
DA:158,1
DA:161,7
DA:162,7
DA:163,7
DA:165,7
DA:166,7
DA:167,6
DA:168,1
DA:169,1
DA:172,5
DA:173,5
DA:174,1
DA:175,1
DA:178,4
DA:179,2
DA:180,2
DA:181,2
DA:182,1
DA:186,1
DA:190,3
DA:192,3
DA:201,3
DA:203,3
DA:208,3
DA:222,1
DA:226,1
LF:88
LH:88
BRDA:26,0,0,6
BRDA:26,0,1,0
BRDA:27,1,0,6
BRDA:27,1,1,0
BRDA:28,2,0,6
BRDA:28,2,1,0
BRDA:29,3,0,6
BRDA:29,3,1,0
BRDA:37,4,0,4
BRDA:37,4,1,0
BRDA:45,5,0,2
BRDA:45,5,1,9
BRDA:45,6,0,11
BRDA:45,6,1,10
BRDA:45,6,2,10
BRDA:49,7,0,1
BRDA:49,7,1,8
BRDA:49,8,0,9
BRDA:49,8,1,8
BRDA:59,9,0,1
BRDA:59,9,1,6
BRDA:68,10,0,1
BRDA:68,10,1,5
BRDA:68,11,0,6
BRDA:68,11,1,5
BRDA:77,12,0,1
BRDA:77,12,1,4
BRDA:83,13,0,2
BRDA:83,13,1,2
BRDA:83,14,0,4
BRDA:83,14,1,3
BRDA:89,15,0,1
BRDA:89,15,1,1
BRDA:97,16,0,1
BRDA:97,16,1,0
BRDA:140,17,0,2
BRDA:140,17,1,11
BRDA:140,18,0,13
BRDA:140,18,1,12
BRDA:140,18,2,12
BRDA:144,19,0,1
BRDA:144,19,1,10
BRDA:144,20,0,11
BRDA:144,20,1,11
BRDA:144,20,2,11
BRDA:148,21,0,1
BRDA:148,21,1,9
BRDA:148,22,0,10
BRDA:148,22,1,10
BRDA:148,22,2,10
BRDA:152,23,0,1
BRDA:152,23,1,8
BRDA:152,24,0,9
BRDA:152,24,1,8
BRDA:152,24,2,8
BRDA:156,25,0,1
BRDA:156,25,1,7
BRDA:156,26,0,8
BRDA:156,26,1,7
BRDA:167,27,0,1
BRDA:167,27,1,5
BRDA:173,28,0,1
BRDA:173,28,1,4
BRDA:178,29,0,2
BRDA:178,29,1,2
BRDA:178,30,0,4
BRDA:178,30,1,3
BRDA:181,31,0,1
BRDA:181,31,1,1
BRF:69
BRH:63
end_of_record
TN:
SF:src\modulos\certificados\repositorio.ts
FN:12,criar
FN:27,buscarPorId
FN:32,buscarPorHash
FN:37,buscarPorDocumento
FN:45,buscarPorEstudante
FNF:5
FNH:5
FNDA:1,criar
FNDA:2,buscarPorId
FNDA:2,buscarPorHash
FNDA:2,buscarPorDocumento
FNDA:2,buscarPorEstudante
DA:1,4
DA:12,4
DA:18,1
DA:24,1
DA:27,4
DA:28,2
DA:29,2
DA:32,4
DA:33,2
DA:34,2
DA:37,4
DA:38,2
DA:42,2
DA:45,4
DA:46,2
DA:50,2
LF:16
LH:16
BRDA:29,0,0,2
BRDA:29,0,1,1
BRDA:34,1,0,2
BRDA:34,1,1,1
BRDA:42,2,0,2
BRDA:42,2,1,1
BRF:6
BRH:6
end_of_record
TN:
SF:src\modulos\certificados\rotas.ts
FN:12,buscarCertificadoAutorizado
FN:31,(anonymous_10)
FN:35,(anonymous_11)
FN:47,(anonymous_12)
FN:63,(anonymous_13)
FNF:5
FNH:3
FNDA:8,buscarCertificadoAutorizado
FNDA:0,(anonymous_10)
FNDA:0,(anonymous_11)
FNDA:4,(anonymous_12)
FNDA:4,(anonymous_13)
DA:1,1
DA:2,1
DA:3,1
DA:4,1
DA:5,1
DA:6,1
DA:8,1
DA:18,8
DA:19,7
DA:20,2
DA:21,2
DA:23,5
DA:24,2
DA:25,2
DA:27,3
DA:31,1
DA:32,0
DA:33,0
DA:34,0
DA:36,0
DA:37,0
DA:40,0
DA:42,0
DA:47,1
DA:48,4
DA:49,4
DA:50,4
DA:53,3
DA:55,1
DA:56,1
DA:58,1
DA:63,1
DA:64,4
DA:65,4
DA:66,4
DA:69,4
DA:71,2
DA:72,1
DA:73,1
DA:75,1
DA:79,1
LF:41
LH:34
BRDA:19,0,0,2
BRDA:19,0,1,5
BRDA:23,1,0,2
BRDA:23,1,1,3
BRDA:23,2,0,5
BRDA:23,2,1,5
BRDA:53,3,0,2
BRDA:53,3,1,1
BRDA:69,4,0,2
BRDA:69,4,1,2
BRF:10
BRH:10
end_of_record
TN:
SF:src\modulos\cursos\repositorio.ts
FN:47,listarCursos
FN:75,listarCursosAtivos
FN:82,buscarCursoPorId
FN:99,gerarCodigo
FN:115,criarCurso
FN:136,atualizarCurso
FN:162,alterarAtivo
FNF:7
FNH:7
FNDA:2,listarCursos
FNDA:1,listarCursosAtivos
FNDA:8,buscarCursoPorId
FNDA:2,gerarCodigo
FNDA:2,criarCurso
FNDA:2,atualizarCurso
FNDA:2,alterarAtivo
DA:1,4
DA:36,4
DA:47,4
DA:48,2
DA:61,2
DA:62,1
DA:66,1
DA:69,1
DA:72,1
DA:75,4
DA:76,1
DA:79,1
DA:82,4
DA:83,8
DA:96,8
DA:100,2
DA:104,2
DA:107,2
DA:108,2
DA:109,2
DA:110,2
DA:112,0
DA:115,4
DA:116,2
DA:118,2
DA:131,2
DA:132,2
DA:133,1
DA:136,4
DA:140,2
DA:141,2
DA:142,2
DA:144,2
DA:145,2
DA:146,2
DA:147,2
DA:148,2
DA:150,2
DA:152,1
DA:153,1
DA:155,1
DA:159,1
DA:162,4
DA:163,2
DA:167,2
LF:45
LH:44
BRDA:61,0,0,1
BRDA:61,0,1,1
BRDA:96,1,0,8
BRDA:96,1,1,3
BRDA:104,2,0,2
BRDA:104,2,1,0
BRDA:110,3,0,2
BRDA:110,3,1,0
BRDA:126,4,0,2
BRDA:126,4,1,2
BRDA:127,5,0,2
BRDA:127,5,1,2
BRDA:128,6,0,2
BRDA:128,6,1,2
BRDA:132,7,0,1
BRDA:132,7,1,1
BRDA:144,8,0,1
BRDA:144,8,1,1
BRDA:145,9,0,0
BRDA:145,9,1,2
BRDA:146,10,0,0
BRDA:146,10,1,2
BRDA:147,11,0,0
BRDA:147,11,1,2
BRDA:148,12,0,0
BRDA:148,12,1,2
BRDA:150,13,0,1
BRDA:150,13,1,1
BRF:28
BRH:22
end_of_record
TN:
SF:src\modulos\cursos\rotas.ts
FN:20,validarCamposCurso
FN:44,(anonymous_10)
FN:54,(anonymous_11)
FN:65,(anonymous_12)
FN:80,(anonymous_13)
FN:119,(anonymous_14)
FN:161,(anonymous_15)
FNF:7
FNH:7
FNDA:13,validarCamposCurso
FNDA:4,(anonymous_10)
FNDA:2,(anonymous_11)
FNDA:3,(anonymous_12)
FNDA:8,(anonymous_13)
FNDA:5,(anonymous_14)
FNDA:4,(anonymous_15)
DA:1,2
DA:2,2
DA:3,2
DA:4,2
DA:5,2
DA:6,2
DA:8,2
DA:10,2
DA:11,2
DA:21,13
DA:23,13
DA:24,8
DA:25,1
DA:26,5
DA:27,1
DA:30,11
DA:32,1
DA:34,10
DA:35,1
DA:37,9
DA:38,1
DA:40,8
DA:44,2
DA:45,4
DA:46,4
DA:47,3
DA:49,1
DA:54,2
DA:55,2
DA:56,2
DA:57,2
DA:58,1
DA:60,1
DA:65,2
DA:66,3
DA:67,3
DA:68,3
DA:69,2
DA:70,1
DA:71,1
DA:73,1
DA:75,1
DA:80,2
DA:81,8
DA:89,8
DA:90,8
DA:92,4
DA:93,1
DA:94,1
DA:97,3
DA:98,3
DA:99,2
DA:100,1
DA:101,1
DA:104,1
DA:112,1
DA:114,1
DA:119,2
DA:120,5
DA:121,5
DA:129,5
DA:130,5
DA:132,4
DA:133,4
DA:134,1
DA:135,1
DA:136,1
DA:137,1
DA:141,3
DA:149,2
DA:150,1
DA:151,1
DA:154,1
DA:156,1
DA:161,2
DA:162,4
DA:163,4
DA:165,4
DA:166,1
DA:167,1
DA:170,3
DA:171,3
DA:172,2
DA:173,1
DA:174,1
DA:176,1
DA:178,1
DA:182,2
LF:88
LH:88
BRDA:23,0,0,8
BRDA:23,0,1,5
BRDA:24,1,0,1
BRDA:24,1,1,7
BRDA:24,2,0,8
BRDA:24,2,1,8
BRDA:24,2,2,8
BRDA:26,3,0,1
BRDA:26,3,1,4
BRDA:26,4,0,5
BRDA:26,4,1,5
BRDA:26,4,2,5
BRDA:30,5,0,1
BRDA:30,5,1,10
BRDA:30,6,0,11
BRDA:30,6,1,1
BRDA:30,6,2,1
BRDA:34,7,0,1
BRDA:34,7,1,9
BRDA:34,8,0,10
BRDA:34,8,1,1
BRDA:37,9,0,1
BRDA:37,9,1,8
BRDA:37,10,0,9
BRDA:37,10,1,1
BRDA:69,11,0,1
BRDA:69,11,1,1
BRDA:90,12,0,4
BRDA:90,12,1,4
BRDA:92,13,0,1
BRDA:92,13,1,3
BRDA:92,14,0,4
BRDA:92,14,1,3
BRDA:99,15,0,1
BRDA:99,15,1,1
BRDA:107,16,0,1
BRDA:107,16,1,1
BRDA:108,17,0,1
BRDA:108,17,1,1
BRDA:109,18,0,1
BRDA:109,18,1,1
BRDA:130,19,0,1
BRDA:130,19,1,4
BRDA:133,20,0,1
BRDA:133,20,1,3
BRDA:135,21,0,1
BRDA:135,21,1,0
BRDA:145,22,0,3
BRDA:145,22,1,3
BRDA:146,23,0,3
BRDA:146,23,1,3
BRDA:149,24,0,1
BRDA:149,24,1,1
BRDA:165,25,0,1
BRDA:165,25,1,3
BRDA:172,26,0,1
BRDA:172,26,1,1
BRF:57
BRH:56
end_of_record
TN:
SF:src\modulos\documentos\repositorio.ts
FN:28,criar
FN:60,buscarPorId
FN:65,listar
FN:131,cancelar
FNF:4
FNH:4
FNDA:1,criar
FNDA:2,buscarPorId
FNDA:4,listar
FNDA:2,cancelar
DA:1,6
DA:28,6
DA:39,1
DA:57,1
DA:60,6
DA:61,2
DA:62,2
DA:65,6
DA:71,4
DA:72,4
DA:73,4
DA:75,4
DA:76,4
DA:78,4
DA:80,1
DA:81,1
DA:82,3
DA:84,3
DA:85,0
DA:87,3
DA:88,3
DA:90,3
DA:91,0
DA:92,0
DA:96,0
DA:97,0
DA:98,0
DA:102,4
DA:103,1
DA:104,1
DA:107,4
DA:108,0
DA:109,0
DA:112,4
DA:114,4
DA:118,4
DA:120,4
DA:121,4
DA:128,4
DA:131,6
DA:132,2
DA:138,2
LF:42
LH:34
BRDA:62,0,0,2
BRDA:62,0,1,1
BRDA:71,1,0,4
BRDA:71,1,1,4
BRDA:72,2,0,4
BRDA:72,2,1,3
BRDA:78,3,0,1
BRDA:78,3,1,3
BRDA:82,4,0,3
BRDA:82,4,1,0
BRDA:84,5,0,0
BRDA:84,5,1,3
BRDA:90,6,0,0
BRDA:90,6,1,3
BRDA:96,7,0,0
BRDA:96,7,1,0
BRDA:102,8,0,1
BRDA:102,8,1,3
BRDA:107,9,0,0
BRDA:107,9,1,4
BRDA:112,10,0,4
BRDA:112,10,1,0
BRDA:138,11,0,2
BRDA:138,11,1,1
BRF:24
BRH:17
end_of_record
TN:
SF:src\modulos\documentos\rotas.ts
FN:18,(anonymous_10)
FN:28,(anonymous_11)
FN:57,(anonymous_12)
FN:69,(anonymous_13)
FN:82,(anonymous_14)
FN:139,(anonymous_15)
FNF:6
FNH:6
FNDA:5,(anonymous_10)
FNDA:2,(anonymous_11)
FNDA:3,(anonymous_12)
FNDA:3,(anonymous_13)
FNDA:6,(anonymous_14)
FNDA:2,(anonymous_15)
DA:1,1
DA:2,1
DA:3,1
DA:4,1
DA:5,1
DA:6,1
DA:7,1
DA:8,1
DA:9,1
DA:10,1
DA:11,1
DA:13,1
DA:15,1
DA:19,5
DA:20,5
DA:22,0
DA:28,1
DA:29,2
DA:31,2
DA:32,2
DA:45,1
DA:52,1
DA:57,1
DA:58,3
DA:59,3
DA:60,3
DA:61,3
DA:62,1
DA:64,0
DA:69,1
DA:70,3
DA:71,3
DA:72,3
DA:73,3
DA:74,1
DA:75,1
DA:77,0
DA:82,1
DA:83,6
DA:84,1
DA:85,1
DA:88,5
DA:89,5
DA:90,1
DA:91,1
DA:94,4
DA:95,4
DA:96,1
DA:97,1
DA:100,3
DA:101,3
DA:102,3
DA:103,1
DA:104,1
DA:107,2
DA:108,2
DA:110,2
DA:112,1
DA:124,1
DA:132,1
DA:134,1
DA:139,1
DA:140,2
DA:141,2
DA:142,2
DA:143,2
DA:144,1
DA:147,1
DA:149,1
DA:151,0
DA:155,1
LF:71
LH:67
BRDA:19,0,0,5
BRDA:19,0,1,0
BRDA:37,1,0,0
BRDA:37,1,1,2
BRDA:38,2,0,0
BRDA:38,2,1,2
BRDA:48,3,0,1
BRDA:48,3,1,1
BRDA:49,4,0,1
BRDA:49,4,1,1
BRDA:61,5,0,2
BRDA:61,5,1,1
BRDA:73,6,0,2
BRDA:73,6,1,1
BRDA:83,7,0,1
BRDA:83,7,1,5
BRDA:89,8,0,1
BRDA:89,8,1,4
BRDA:89,9,0,5
BRDA:89,9,1,5
BRDA:89,9,2,4
BRDA:95,10,0,1
BRDA:95,10,1,3
BRDA:95,11,0,4
BRDA:95,11,1,3
BRDA:102,12,0,1
BRDA:102,12,1,2
BRDA:107,13,0,2
BRDA:107,13,1,0
BRDA:143,14,0,1
BRDA:143,14,1,1
BRF:31
BRH:27
end_of_record
TN:
SF:src\modulos\instituicoes\repositorio.ts
FN:35,listarInstituicoes
FN:45,buscarInstituicaoPorId
FN:56,buscarInstituicaoPorSigla
FN:64,criarInstituicao
FN:88,atualizarInstituicao
FN:119,alterarAtiva
FNF:6
FNH:6
FNDA:2,listarInstituicoes
FNDA:9,buscarInstituicaoPorId
FNDA:2,buscarInstituicaoPorSigla
FNDA:2,criarInstituicao
FNDA:3,atualizarInstituicao
FNDA:2,alterarAtiva
DA:1,4
DA:35,4
DA:36,2
DA:42,2
DA:45,4
DA:46,9
DA:53,9
DA:56,4
DA:57,2
DA:61,2
DA:64,4
DA:65,2
DA:83,2
DA:84,2
DA:85,1
DA:88,4
DA:92,3
DA:93,3
DA:94,3
DA:96,3
DA:97,3
DA:98,3
DA:99,3
DA:100,3
DA:101,3
DA:102,3
DA:103,3
DA:104,3
DA:105,3
DA:107,3
DA:109,2
DA:110,2
DA:112,2
DA:116,2
DA:119,4
DA:120,2
DA:124,2
LF:37
LH:37
BRDA:53,0,0,9
BRDA:53,0,1,3
BRDA:61,1,0,2
BRDA:61,1,1,1
BRDA:73,2,0,2
BRDA:73,2,1,2
BRDA:74,3,0,2
BRDA:74,3,1,2
BRDA:75,4,0,2
BRDA:75,4,1,2
BRDA:76,5,0,2
BRDA:76,5,1,2
BRDA:77,6,0,2
BRDA:77,6,1,2
BRDA:78,7,0,2
BRDA:78,7,1,2
BRDA:79,8,0,2
BRDA:79,8,1,2
BRDA:80,9,0,2
BRDA:80,9,1,2
BRDA:84,10,0,1
BRDA:84,10,1,1
BRDA:96,11,0,1
BRDA:96,11,1,2
BRDA:97,12,0,1
BRDA:97,12,1,2
BRDA:98,13,0,0
BRDA:98,13,1,3
BRDA:99,14,0,0
BRDA:99,14,1,3
BRDA:100,15,0,0
BRDA:100,15,1,3
BRDA:101,16,0,0
BRDA:101,16,1,3
BRDA:102,17,0,0
BRDA:102,17,1,3
BRDA:103,18,0,0
BRDA:103,18,1,3
BRDA:104,19,0,0
BRDA:104,19,1,3
BRDA:105,20,0,0
BRDA:105,20,1,3
BRDA:107,21,0,1
BRDA:107,21,1,2
BRF:44
BRH:36
end_of_record
TN:
SF:src\modulos\instituicoes\rotas.ts
FN:10,(anonymous_9)
FN:20,(anonymous_10)
FN:35,(anonymous_11)
FN:80,(anonymous_12)
FN:90,(anonymous_13)
FN:130,(anonymous_14)
FN:145,(anonymous_15)
FNF:7
FNH:5
FNDA:2,(anonymous_9)
FNDA:3,(anonymous_10)
FNDA:6,(anonymous_11)
FNDA:0,(anonymous_12)
FNDA:5,(anonymous_13)
FNDA:0,(anonymous_14)
FNDA:4,(anonymous_15)
DA:1,1
DA:2,1
DA:3,1
DA:4,1
DA:5,1
DA:7,1
DA:10,1
DA:11,2
DA:12,2
DA:13,1
DA:15,1
DA:20,1
DA:21,3
DA:22,3
DA:23,3
DA:24,2
DA:25,1
DA:26,1
DA:28,1
DA:30,1
DA:35,1
DA:37,6
DA:50,6
DA:51,1
DA:52,1
DA:54,5
DA:55,1
DA:56,1
DA:58,4
DA:59,1
DA:60,1
DA:63,3
DA:64,3
DA:65,2
DA:66,1
DA:67,1
DA:70,1
DA:80,0
DA:83,1
DA:85,1
DA:90,1
DA:91,5
DA:93,5
DA:106,5
DA:107,1
DA:108,1
DA:110,4
DA:111,1
DA:112,1
DA:114,3
DA:115,0
DA:116,0
DA:119,3
DA:120,3
DA:130,0
DA:133,2
DA:134,1
DA:135,1
DA:138,1
DA:140,1
DA:145,1
DA:146,4
DA:147,4
DA:149,4
DA:150,1
DA:151,1
DA:154,3
DA:155,3
DA:156,2
DA:157,1
DA:158,1
DA:160,1
DA:162,1
DA:166,1
LF:74
LH:70
BRDA:24,0,0,1
BRDA:24,0,1,1
BRDA:50,1,0,1
BRDA:50,1,1,5
BRDA:50,2,0,6
BRDA:50,2,1,6
BRDA:50,2,2,6
BRDA:54,3,0,1
BRDA:54,3,1,4
BRDA:54,4,0,5
BRDA:54,4,1,5
BRDA:54,4,2,5
BRDA:58,5,0,1
BRDA:58,5,1,3
BRDA:58,6,0,4
BRDA:58,6,1,1
BRDA:65,7,0,1
BRDA:65,7,1,1
BRDA:73,8,0,1
BRDA:73,8,1,1
BRDA:74,9,0,1
BRDA:74,9,1,1
BRDA:75,10,0,1
BRDA:75,10,1,1
BRDA:76,11,0,1
BRDA:76,11,1,1
BRDA:77,12,0,1
BRDA:77,12,1,1
BRDA:78,13,0,1
BRDA:78,13,1,1
BRDA:79,14,0,1
BRDA:79,14,1,1
BRDA:80,15,0,1
BRDA:80,15,1,1
BRDA:106,16,0,1
BRDA:106,16,1,4
BRDA:106,17,0,5
BRDA:106,17,1,4
BRDA:106,17,2,4
BRDA:110,18,0,1
BRDA:110,18,1,3
BRDA:110,19,0,4
BRDA:110,19,1,1
BRDA:110,19,2,1
BRDA:114,20,0,0
BRDA:114,20,1,3
BRDA:114,21,0,3
BRDA:114,21,1,0
BRDA:123,22,0,3
BRDA:123,22,1,3
BRDA:124,23,0,3
BRDA:124,23,1,3
BRDA:125,24,0,3
BRDA:125,24,1,3
BRDA:126,25,0,3
BRDA:126,25,1,3
BRDA:127,26,0,3
BRDA:127,26,1,3
BRDA:128,27,0,3
BRDA:128,27,1,3
BRDA:129,28,0,3
BRDA:129,28,1,3
BRDA:133,29,0,1
BRDA:133,29,1,1
BRDA:149,30,0,1
BRDA:149,30,1,3
BRDA:156,31,0,1
BRDA:156,31,1,1
BRF:68
BRH:66
end_of_record
TN:
SF:src\modulos\usuarios\repositorio.ts
FN:45,buscarPorId
FN:50,buscarPorEmailParaLogin
FN:68,listarTodos
FN:80,atualizarNome
FN:88,buscarPorEmail
FN:105,criarUsuario
FN:136,atualizarUsuario
FN:164,atualizarPerfil
FN:191,alterarAtivo
FNF:9
FNH:9
FNDA:19,buscarPorId
FNDA:3,buscarPorEmailParaLogin
FNDA:3,listarTodos
FNDA:2,atualizarNome
FNDA:2,buscarPorEmail
FNDA:2,criarUsuario
FNDA:4,atualizarUsuario
FNDA:5,atualizarPerfil
FNDA:3,alterarAtivo
DA:1,6
DA:25,6
DA:45,6
DA:46,19
DA:47,19
DA:50,6
DA:51,3
DA:65,3
DA:68,6
DA:69,3
DA:70,1
DA:74,1
DA:76,2
DA:77,2
DA:80,6
DA:81,2
DA:85,2
DA:88,6
DA:89,2
DA:93,2
DA:105,6
DA:106,2
DA:112,2
DA:113,2
DA:114,2
DA:136,6
DA:140,4
DA:141,4
DA:142,4
DA:144,4
DA:145,4
DA:146,4
DA:147,4
DA:148,4
DA:149,4
DA:150,4
DA:152,4
DA:154,3
DA:155,3
DA:157,3
DA:161,3
DA:164,6
DA:168,5
DA:169,5
DA:170,5
DA:172,5
DA:173,5
DA:174,5
DA:175,5
DA:176,5
DA:177,5
DA:179,5
DA:181,4
DA:182,4
DA:184,4
DA:188,4
DA:191,6
DA:192,3
DA:196,3
LF:59
LH:59
BRDA:47,0,0,19
BRDA:47,0,1,5
BRDA:65,1,0,3
BRDA:65,1,1,1
BRDA:69,2,0,1
BRDA:69,2,1,2
BRDA:93,3,0,2
BRDA:93,3,1,1
BRDA:110,4,0,2
BRDA:110,4,1,1
BRDA:110,5,0,2
BRDA:110,5,1,1
BRDA:113,6,0,0
BRDA:113,6,1,2
BRDA:144,7,0,2
BRDA:144,7,1,2
BRDA:145,8,0,0
BRDA:145,8,1,4
BRDA:146,9,0,1
BRDA:146,9,1,3
BRDA:147,10,0,0
BRDA:147,10,1,4
BRDA:148,11,0,0
BRDA:148,11,1,4
BRDA:149,12,0,1
BRDA:149,12,1,3
BRDA:150,13,0,1
BRDA:150,13,1,3
BRDA:152,14,0,1
BRDA:152,14,1,3
BRDA:172,15,0,2
BRDA:172,15,1,3
BRDA:173,16,0,1
BRDA:173,16,1,4
BRDA:174,17,0,1
BRDA:174,17,1,4
BRDA:175,18,0,1
BRDA:175,18,1,4
BRDA:176,19,0,1
BRDA:176,19,1,4
BRDA:177,20,0,1
BRDA:177,20,1,4
BRDA:179,21,0,1
BRDA:179,21,1,4
BRF:44
BRH:40
end_of_record
TN:
SF:src\modulos\usuarios\rotas.ts
FN:14,validarNome
FN:24,validarEmail
FN:34,validarCpf
FN:40,formatarCpf
FN:44,normalizarCpf
FN:52,(anonymous_15)
FN:66,(anonymous_16)
FN:139,(anonymous_17)
FN:150,(anonymous_18)
FN:199,(anonymous_19)
FN:257,(anonymous_20)
FNF:11
FNH:10
FNDA:29,validarNome
FNDA:26,validarEmail
FNDA:18,validarCpf
FNDA:0,formatarCpf
FNDA:4,normalizarCpf
FNDA:3,(anonymous_15)
FNDA:13,(anonymous_16)
FNDA:2,(anonymous_17)
FNDA:7,(anonymous_18)
FNDA:9,(anonymous_19)
FNDA:6,(anonymous_20)
DA:1,1
DA:2,1
DA:3,1
DA:4,1
DA:5,1
DA:6,1
DA:8,1
DA:10,1
DA:15,29
DA:16,7
DA:17,1
DA:18,22
DA:19,2
DA:21,26
DA:25,26
DA:26,6
DA:27,1
DA:28,20
DA:29,2
DA:31,23
DA:35,18
DA:36,2
DA:37,16
DA:41,0
DA:45,4
DA:46,0
DA:52,1
DA:53,3
DA:54,3
DA:55,2
DA:56,1
DA:57,1
DA:59,1
DA:61,1
DA:66,1
DA:67,13
DA:77,13
DA:78,13
DA:80,12
DA:81,12
DA:83,11
DA:84,11
DA:86,10
DA:87,1
DA:88,1
DA:90,9
DA:91,1
DA:92,1
DA:95,8
DA:96,8
DA:98,8
DA:99,8
DA:100,8
DA:101,8
DA:103,8
DA:104,2
DA:105,2
DA:106,2
DA:107,1
DA:108,1
DA:110,1
DA:113,7
DA:114,3
DA:115,3
DA:116,1
DA:117,1
DA:119,2
DA:120,2
DA:121,1
DA:122,1
DA:124,1
DA:127,5
DA:128,4
DA:129,1
DA:130,1
DA:132,3
DA:134,1
DA:139,1
DA:140,2
DA:141,2
DA:142,2
DA:143,2
DA:145,0
DA:150,1
DA:151,7
DA:160,7
DA:161,7
DA:163,6
DA:164,6
DA:166,5
DA:167,1
DA:168,1
DA:170,4
DA:171,1
DA:172,1
DA:175,3
DA:176,3
DA:177,2
DA:178,1
DA:179,1
DA:182,1
DA:183,1
DA:192,1
DA:194,1
DA:199,1
DA:200,9
DA:201,9
DA:211,9
DA:212,9
DA:214,8
DA:215,8
DA:217,7
DA:218,7
DA:220,6
DA:221,1
DA:222,1
DA:225,5
DA:226,5
DA:227,2
DA:228,2
DA:229,2
DA:230,1
DA:231,1
DA:235,4
DA:245,3
DA:246,1
DA:247,1
DA:250,2
DA:252,1
DA:257,1
DA:258,6
DA:259,6
DA:261,6
DA:262,1
DA:263,1
DA:266,5
DA:267,1
DA:268,1
DA:271,4
DA:272,4
DA:273,3
DA:274,1
DA:275,1
DA:277,2
DA:279,1
DA:283,1
LF:146
LH:143
BRDA:15,0,0,7
BRDA:15,0,1,22
BRDA:16,1,0,1
BRDA:16,1,1,6
BRDA:16,2,0,7
BRDA:16,2,1,7
BRDA:16,2,2,7
BRDA:18,3,0,2
BRDA:18,3,1,20
BRDA:18,4,0,22
BRDA:18,4,1,9
BRDA:18,4,2,9
BRDA:25,5,0,6
BRDA:25,5,1,20
BRDA:26,6,0,1
BRDA:26,6,1,5
BRDA:26,7,0,6
BRDA:26,7,1,6
BRDA:26,7,2,6
BRDA:28,8,0,2
BRDA:28,8,1,18
BRDA:28,9,0,20
BRDA:28,9,1,6
BRDA:28,9,2,6
BRDA:35,10,0,2
BRDA:35,10,1,16
BRDA:35,11,0,18
BRDA:35,11,1,2
BRDA:35,11,2,2
BRDA:45,12,0,4
BRDA:45,12,1,0
BRDA:46,13,0,0
BRDA:46,13,1,0
BRDA:55,14,0,1
BRDA:55,14,1,1
BRDA:78,15,0,1
BRDA:78,15,1,12
BRDA:81,16,0,1
BRDA:81,16,1,11
BRDA:84,17,0,1
BRDA:84,17,1,10
BRDA:86,18,0,1
BRDA:86,18,1,9
BRDA:86,19,0,10
BRDA:86,19,1,5
BRDA:86,19,2,5
BRDA:90,20,0,1
BRDA:90,20,1,8
BRDA:90,21,0,9
BRDA:90,21,1,4
BRDA:98,22,0,3
BRDA:98,22,1,5
BRDA:99,23,0,0
BRDA:99,23,1,8
BRDA:99,24,0,0
BRDA:99,24,1,0
BRDA:100,25,0,0
BRDA:100,25,1,8
BRDA:101,26,0,0
BRDA:101,26,1,8
BRDA:101,27,0,0
BRDA:101,27,1,0
BRDA:103,28,0,2
BRDA:103,28,1,6
BRDA:106,29,0,1
BRDA:106,29,1,1
BRDA:106,30,0,2
BRDA:106,30,1,2
BRDA:113,31,0,3
BRDA:113,31,1,4
BRDA:113,32,0,7
BRDA:113,32,1,3
BRDA:115,33,0,1
BRDA:115,33,1,2
BRDA:120,34,0,1
BRDA:120,34,1,1
BRDA:128,35,0,1
BRDA:128,35,1,3
BRDA:161,36,0,1
BRDA:161,36,1,6
BRDA:164,37,0,1
BRDA:164,37,1,5
BRDA:166,38,0,1
BRDA:166,38,1,4
BRDA:166,39,0,5
BRDA:166,39,1,5
BRDA:166,39,2,5
BRDA:170,40,0,1
BRDA:170,40,1,3
BRDA:170,41,0,4
BRDA:170,41,1,4
BRDA:177,42,0,1
BRDA:177,42,1,1
BRDA:188,43,0,1
BRDA:188,43,1,0
BRDA:189,44,0,1
BRDA:189,44,1,0
BRDA:212,45,0,1
BRDA:212,45,1,8
BRDA:215,46,0,1
BRDA:215,46,1,7
BRDA:218,47,0,1
BRDA:218,47,1,6
BRDA:220,48,0,1
BRDA:220,48,1,5
BRDA:220,49,0,6
BRDA:220,49,1,2
BRDA:226,50,0,2
BRDA:226,50,1,3
BRDA:229,51,0,1
BRDA:229,51,1,1
BRDA:229,52,0,2
BRDA:229,52,1,2
BRDA:238,53,0,4
BRDA:238,53,1,4
BRDA:240,54,0,0
BRDA:240,54,1,4
BRDA:240,55,0,0
BRDA:240,55,1,0
BRDA:241,56,0,4
BRDA:241,56,1,4
BRDA:245,57,0,1
BRDA:245,57,1,2
BRDA:261,58,0,1
BRDA:261,58,1,5
BRDA:266,59,0,1
BRDA:266,59,1,4
BRDA:273,60,0,1
BRDA:273,60,1,2
BRF:129
BRH:114
end_of_record
TN:
SF:src\modulos\validacao\repositorio.ts
FN:22,executarAcao
FN:72,buscarHistoricoPorDocumento
FNF:2
FNH:2
FNDA:6,executarAcao
FNDA:4,buscarHistoricoPorDocumento
DA:1,2
DA:16,2
DA:22,2
DA:28,6
DA:30,6
DA:31,6
DA:33,6
DA:38,5
DA:39,2
DA:42,3
DA:43,3
DA:45,3
DA:50,3
DA:58,3
DA:60,3
DA:65,3
DA:66,3
DA:68,6
DA:72,2
DA:75,4
DA:83,4
LF:21
LH:21
BRDA:38,0,0,2
BRDA:38,0,1,3
BRDA:55,1,0,3
BRDA:55,1,1,1
BRF:4
BRH:4
end_of_record
TN:
SF:src\modulos\validacao\rotas.ts
FN:12,(anonymous_9)
FN:36,(anonymous_10)
FN:69,(anonymous_11)
FN:104,(anonymous_12)
FNF:4
FNH:4
FNDA:4,(anonymous_9)
FNDA:4,(anonymous_10)
FNDA:3,(anonymous_11)
FNDA:4,(anonymous_12)
DA:1,1
DA:2,1
DA:3,1
DA:4,1
DA:5,1
DA:6,1
DA:7,1
DA:9,1
DA:12,1
DA:13,4
DA:14,4
DA:16,4
DA:17,4
DA:18,4
DA:20,4
DA:22,2
DA:29,2
DA:31,2
DA:36,1
DA:37,4
DA:38,4
DA:39,4
DA:40,2
DA:41,2
DA:44,2
DA:45,2
DA:46,2
DA:48,2
DA:50,1
DA:58,1
DA:60,1
DA:65,1
DA:70,3
DA:71,3
DA:72,3
DA:73,2
DA:74,2
DA:77,1
DA:78,1
DA:79,1
DA:81,1
DA:88,1
DA:96,1
DA:98,0
DA:104,1
DA:105,4
DA:107,4
DA:108,4
DA:109,4
DA:110,3
DA:111,3
DA:113,0
DA:117,1
LF:53
LH:51
BRDA:18,0,0,0
BRDA:18,0,1,4
BRDA:39,1,0,2
BRDA:39,1,1,2
BRDA:46,2,0,0
BRDA:46,2,1,2
BRDA:72,3,0,2
BRDA:72,3,1,1
BRDA:79,4,0,0
BRDA:79,4,1,1
BRDA:109,5,0,1
BRDA:109,5,1,3
BRF:12
BRH:9
end_of_record
TN:
SF:src\routes\publica.ts
FN:10,(anonymous_9)
FNF:1
FNH:1
FNDA:5,(anonymous_9)
DA:1,1
DA:2,1
DA:3,1
DA:4,1
DA:5,1
DA:7,1
DA:10,1
DA:11,5
DA:13,5
DA:14,5
DA:15,4
DA:16,1
DA:17,1
DA:20,3
DA:25,3
DA:48,1
DA:52,1
LF:17
LH:17
BRDA:15,0,0,1
BRDA:15,0,1,3
BRDA:32,1,0,2
BRDA:32,1,1,1
BRDA:40,2,0,2
BRDA:40,2,1,1
BRF:6
BRH:6
end_of_record
TN:
SF:src\routes\verificacao.ts
FN:13,(anonymous_1)
FNF:1
FNH:1
FNDA:3,(anonymous_1)
DA:1,1
DA:2,1
DA:4,1
DA:13,1
DA:14,3
DA:16,3
DA:24,1
LF:7
LH:7
BRF:0
BRH:0
end_of_record
TN:
SF:src\servicos\armazenamento.ts
FN:27,verificarBalde
FN:38,garantirBalde
FN:42,garantirBaldeCertificados
FN:46,fazerUpload
FN:62,gerarUrlAssinada
FN:70,deletarArquivo
FN:74,fazerUploadCertificado
FN:89,gerarUrlAssinadaCertificado
FNF:8
FNH:8
FNDA:4,verificarBalde
FNDA:2,garantirBalde
FNDA:2,garantirBaldeCertificados
FNDA:2,fazerUpload
FNDA:3,gerarUrlAssinada
FNDA:2,deletarArquivo
FNDA:2,fazerUploadCertificado
FNDA:3,gerarUrlAssinadaCertificado
DA:1,4
DA:7,4
DA:8,4
DA:9,4
DA:10,4
DA:12,4
DA:24,4
DA:25,4
DA:28,4
DA:29,4
DA:30,2
DA:32,2
DA:38,4
DA:39,2
DA:42,4
DA:43,2
DA:46,4
DA:51,2
DA:59,1
DA:62,4
DA:66,3
DA:67,3
DA:70,4
DA:71,2
DA:74,4
DA:78,2
DA:86,1
DA:89,4
DA:93,3
DA:94,3
LF:30
LH:30
BRDA:18,0,0,4
BRDA:18,0,1,3
BRDA:64,1,0,2
BRDA:91,2,0,2
BRF:4
BRH:4
end_of_record
TN:
SF:src\servicos\gerador-certificado.ts
FN:17,gerarHash
FN:32,gerarPDF
FN:39,(anonymous_3)
FN:43,(anonymous_4)
FN:44,(anonymous_5)
FN:163,gerarEArmazenarCertificado
FNF:6
FNH:6
FNDA:6,gerarHash
FNDA:6,gerarPDF
FNDA:6,(anonymous_3)
FNDA:744,(anonymous_4)
FNDA:6,(anonymous_5)
FNDA:3,gerarEArmazenarCertificado
DA:1,2
DA:2,2
DA:3,2
DA:4,2
DA:5,2
DA:17,2
DA:18,6
DA:19,6
DA:25,2
DA:32,2
DA:33,6
DA:39,6
DA:40,6
DA:41,6
DA:43,744
DA:44,6
DA:45,6
DA:47,6
DA:48,6
DA:51,6
DA:56,6
DA:62,6
DA:68,6
DA:75,6
DA:82,6
DA:88,6
DA:94,6
DA:95,6
DA:101,6
DA:112,6
DA:118,6
DA:127,6
DA:133,6
DA:140,6
DA:141,6
DA:142,6
DA:144,6
DA:149,6
DA:154,6
DA:159,6
DA:163,2
DA:167,3
DA:168,3
DA:170,3
DA:172,3
DA:173,3
DA:175,2
DA:179,2
LF:48
LH:48
BRDA:94,0,0,6
BRDA:94,0,1,1
BRF:2
BRH:2
end_of_record
TN:
SF:src\servicos\notificacao.ts
FN:16,notificar
FNF:1
FNH:1
FNDA:4,notificar
DA:1,2
DA:16,2
DA:17,4
LF:3
LH:3
BRF:0
BRH:0
end_of_record
TN:
SF:src\utils\erros.ts
FN:4,tratarErro
FN:15,tratarErroComNaoEncontrado
FN:24,verificarAcessoDocumento
FNF:3
FNH:3
FNDA:29,tratarErro
FNDA:6,tratarErroComNaoEncontrado
FNDA:17,verificarAcessoDocumento
DA:2,10
DA:4,10
DA:5,29
DA:6,29
DA:7,26
DA:9,3
DA:11,29
DA:12,29
DA:15,10
DA:16,6
DA:17,6
DA:18,3
DA:19,3
DA:21,3
DA:24,10
DA:31,17
DA:32,3
DA:33,3
DA:35,14
DA:36,2
DA:37,2
DA:39,12
DA:40,0
DA:41,0
DA:43,12
LF:25
LH:23
BRDA:5,0,0,16
BRDA:5,0,1,13
BRDA:6,1,0,26
BRDA:6,1,1,3
BRDA:11,2,0,26
BRDA:11,2,1,3
BRDA:16,3,0,5
BRDA:16,3,1,1
BRDA:17,4,0,3
BRDA:17,4,1,3
BRDA:31,5,0,3
BRDA:31,5,1,14
BRDA:35,6,0,2
BRDA:35,6,1,12
BRDA:35,7,0,14
BRDA:35,7,1,4
BRDA:39,8,0,0
BRDA:39,8,1,12
BRDA:39,9,0,12
BRDA:39,9,1,10
BRF:20
BRH:19
end_of_record
